{"C:\\progReact2025q3\\ts-forms-q3\\src\\types.d.ts": {"path":"C:\\progReact2025q3\\ts-forms-q3\\src\\types.d.ts","all":true,"statementMap":{},"s":{},"branchMap":{"0":{"type":"branch","line":1,"loc":{"start":{"line":1,"column":34},"end":{"line":1,"column":34}},"locations":[{"start":{"line":1,"column":34},"end":{"line":1,"column":34}}]}},"b":{"0":[1]},"fnMap":{"0":{"name":"(empty-report)","decl":{"start":{"line":1,"column":34},"end":{"line":1,"column":34}},"loc":{"start":{"line":1,"column":34},"end":{"line":1,"column":34}},"line":1}},"f":{"0":1}}
,"C:\\progReact2025q3\\ts-forms-q3\\src\\components\\Modal\\Modal.tsx": {"path":"C:\\progReact2025q3\\ts-forms-q3\\src\\components\\Modal\\Modal.tsx","all":false,"statementMap":{"0":{"start":{"line":1,"column":0},"end":{"line":1,"column":49}},"1":{"start":{"line":2,"column":0},"end":{"line":2,"column":33}},"2":{"start":{"line":3,"column":0},"end":{"line":3,"column":32}},"10":{"start":{"line":11,"column":0},"end":{"line":11,"column":72}},"11":{"start":{"line":12,"column":0},"end":{"line":12,"column":48}},"12":{"start":{"line":13,"column":0},"end":{"line":13,"column":104}},"14":{"start":{"line":15,"column":0},"end":{"line":15,"column":19}},"15":{"start":{"line":16,"column":0},"end":{"line":16,"column":18}},"17":{"start":{"line":18,"column":0},"end":{"line":18,"column":38}},"18":{"start":{"line":19,"column":0},"end":{"line":19,"column":42}},"19":{"start":{"line":20,"column":0},"end":{"line":20,"column":7}},"20":{"start":{"line":21,"column":0},"end":{"line":21,"column":13}},"21":{"start":{"line":22,"column":0},"end":{"line":22,"column":5}},"24":{"start":{"line":25,"column":0},"end":{"line":25,"column":70}},"27":{"start":{"line":28,"column":0},"end":{"line":28,"column":56}},"28":{"start":{"line":29,"column":0},"end":{"line":29,"column":27}},"29":{"start":{"line":30,"column":0},"end":{"line":30,"column":21}},"30":{"start":{"line":31,"column":0},"end":{"line":31,"column":22}},"31":{"start":{"line":32,"column":0},"end":{"line":32,"column":26}},"32":{"start":{"line":33,"column":0},"end":{"line":33,"column":5}},"34":{"start":{"line":35,"column":0},"end":{"line":35,"column":52}},"35":{"start":{"line":36,"column":0},"end":{"line":36,"column":35}},"36":{"start":{"line":37,"column":0},"end":{"line":37,"column":18}},"37":{"start":{"line":38,"column":0},"end":{"line":38,"column":7}},"38":{"start":{"line":39,"column":0},"end":{"line":39,"column":6}},"40":{"start":{"line":41,"column":0},"end":{"line":41,"column":52}},"41":{"start":{"line":42,"column":0},"end":{"line":42,"column":52}},"42":{"start":{"line":43,"column":0},"end":{"line":43,"column":68}},"43":{"start":{"line":44,"column":0},"end":{"line":44,"column":84}},"44":{"start":{"line":45,"column":0},"end":{"line":45,"column":10}},"45":{"start":{"line":46,"column":0},"end":{"line":46,"column":65}},"46":{"start":{"line":47,"column":0},"end":{"line":47,"column":46}},"47":{"start":{"line":48,"column":0},"end":{"line":48,"column":38}},"48":{"start":{"line":49,"column":0},"end":{"line":49,"column":25}},"50":{"start":{"line":51,"column":0},"end":{"line":51,"column":29}},"52":{"start":{"line":53,"column":0},"end":{"line":53,"column":56}},"53":{"start":{"line":54,"column":0},"end":{"line":54,"column":32}},"54":{"start":{"line":55,"column":0},"end":{"line":55,"column":35}},"55":{"start":{"line":56,"column":0},"end":{"line":56,"column":11}},"56":{"start":{"line":57,"column":0},"end":{"line":57,"column":16}},"58":{"start":{"line":59,"column":0},"end":{"line":59,"column":55}},"59":{"start":{"line":60,"column":0},"end":{"line":60,"column":33}},"60":{"start":{"line":61,"column":0},"end":{"line":61,"column":35}},"61":{"start":{"line":62,"column":0},"end":{"line":62,"column":11}},"62":{"start":{"line":63,"column":0},"end":{"line":63,"column":9}},"63":{"start":{"line":64,"column":0},"end":{"line":64,"column":7}},"64":{"start":{"line":65,"column":0},"end":{"line":65,"column":6}},"66":{"start":{"line":67,"column":0},"end":{"line":67,"column":55}},"67":{"start":{"line":68,"column":0},"end":{"line":68,"column":10}},"68":{"start":{"line":69,"column":0},"end":{"line":69,"column":27}},"69":{"start":{"line":70,"column":0},"end":{"line":70,"column":56}},"70":{"start":{"line":71,"column":0},"end":{"line":71,"column":9}},"71":{"start":{"line":72,"column":0},"end":{"line":72,"column":18}},"72":{"start":{"line":73,"column":0},"end":{"line":73,"column":7}},"73":{"start":{"line":74,"column":0},"end":{"line":74,"column":6}},"75":{"start":{"line":76,"column":0},"end":{"line":76,"column":55}},"76":{"start":{"line":77,"column":0},"end":{"line":77,"column":79}},"77":{"start":{"line":78,"column":0},"end":{"line":78,"column":63}},"79":{"start":{"line":80,"column":0},"end":{"line":80,"column":18}},"80":{"start":{"line":81,"column":0},"end":{"line":81,"column":60}},"81":{"start":{"line":82,"column":0},"end":{"line":82,"column":87}},"82":{"start":{"line":83,"column":0},"end":{"line":83,"column":68}},"83":{"start":{"line":84,"column":0},"end":{"line":84,"column":6}},"84":{"start":{"line":85,"column":0},"end":{"line":85,"column":24}},"86":{"start":{"line":87,"column":0},"end":{"line":87,"column":27}},"88":{"start":{"line":89,"column":0},"end":{"line":89,"column":31}},"89":{"start":{"line":90,"column":0},"end":{"line":90,"column":67}},"90":{"start":{"line":91,"column":0},"end":{"line":91,"column":11}},"92":{"start":{"line":93,"column":0},"end":{"line":93,"column":52}},"93":{"start":{"line":94,"column":0},"end":{"line":94,"column":15}},"94":{"start":{"line":95,"column":0},"end":{"line":95,"column":40}},"95":{"start":{"line":96,"column":0},"end":{"line":96,"column":27}},"96":{"start":{"line":97,"column":0},"end":{"line":97,"column":34}},"97":{"start":{"line":98,"column":0},"end":{"line":98,"column":9}},"99":{"start":{"line":100,"column":0},"end":{"line":100,"column":22}},"101":{"start":{"line":102,"column":0},"end":{"line":102,"column":18}},"102":{"start":{"line":103,"column":0},"end":{"line":103,"column":12}},"103":{"start":{"line":104,"column":0},"end":{"line":104,"column":11}},"104":{"start":{"line":105,"column":0},"end":{"line":105,"column":17}},"105":{"start":{"line":106,"column":0},"end":{"line":106,"column":4}},"106":{"start":{"line":107,"column":0},"end":{"line":107,"column":2}},"108":{"start":{"line":109,"column":0},"end":{"line":109,"column":21}}},"s":{"0":1,"1":1,"2":1,"10":1,"11":2,"12":2,"14":2,"15":2,"17":2,"18":0,"19":0,"20":2,"21":2,"24":0,"27":0,"28":2,"29":2,"30":2,"31":0,"32":0,"34":0,"35":0,"36":0,"37":0,"38":0,"40":0,"41":0,"42":0,"43":0,"44":0,"45":0,"46":0,"47":0,"48":0,"50":0,"52":0,"53":0,"54":0,"55":0,"56":0,"58":0,"59":0,"60":0,"61":0,"62":0,"63":0,"64":0,"66":0,"67":0,"68":0,"69":0,"70":0,"71":0,"72":0,"73":0,"75":0,"76":0,"77":0,"79":0,"80":0,"81":0,"82":0,"83":0,"84":2,"86":2,"88":0,"89":0,"90":0,"92":0,"93":0,"94":0,"95":0,"96":0,"97":0,"99":0,"101":0,"102":0,"103":0,"104":0,"105":0,"106":0,"108":1},"branchMap":{"0":{"type":"branch","line":11,"loc":{"start":{"line":11,"column":36},"end":{"line":107,"column":2}},"locations":[{"start":{"line":11,"column":36},"end":{"line":107,"column":2}}]},"1":{"type":"branch","line":87,"loc":{"start":{"line":87,"column":22},"end":{"line":107,"column":2}},"locations":[{"start":{"line":87,"column":22},"end":{"line":107,"column":2}}]},"2":{"type":"branch","line":15,"loc":{"start":{"line":15,"column":12},"end":{"line":85,"column":5}},"locations":[{"start":{"line":15,"column":12},"end":{"line":85,"column":5}}]},"3":{"type":"branch","line":18,"loc":{"start":{"line":18,"column":37},"end":{"line":20,"column":7}},"locations":[{"start":{"line":18,"column":37},"end":{"line":20,"column":7}}]},"4":{"type":"branch","line":22,"loc":{"start":{"line":22,"column":4},"end":{"line":28,"column":56}},"locations":[{"start":{"line":22,"column":4},"end":{"line":28,"column":56}}]},"5":{"type":"branch","line":31,"loc":{"start":{"line":31,"column":21},"end":{"line":84,"column":6}},"locations":[{"start":{"line":31,"column":21},"end":{"line":84,"column":6}}]}},"b":{"0":[2],"1":[0],"2":[2],"3":[0],"4":[0],"5":[0]},"fnMap":{"0":{"name":"Modal","decl":{"start":{"line":11,"column":36},"end":{"line":107,"column":2}},"loc":{"start":{"line":11,"column":36},"end":{"line":107,"column":2}},"line":11},"1":{"name":"handleEscape","decl":{"start":{"line":35,"column":25},"end":{"line":39,"column":6}},"loc":{"start":{"line":35,"column":25},"end":{"line":39,"column":6}},"line":35},"2":{"name":"handleTabKey","decl":{"start":{"line":41,"column":25},"end":{"line":65,"column":6}},"loc":{"start":{"line":41,"column":25},"end":{"line":65,"column":6}},"line":41},"3":{"name":"handleClickOutside","decl":{"start":{"line":67,"column":31},"end":{"line":74,"column":6}},"loc":{"start":{"line":67,"column":31},"end":{"line":74,"column":6}},"line":67}},"f":{"0":2,"1":0,"2":0,"3":0}}
,"C:\\progReact2025q3\\ts-forms-q3\\src\\components\\pages\\MainPage.tsx": {"path":"C:\\progReact2025q3\\ts-forms-q3\\src\\components\\pages\\MainPage.tsx","all":false,"statementMap":{"0":{"start":{"line":1,"column":0},"end":{"line":1,"column":44}},"1":{"start":{"line":2,"column":0},"end":{"line":2,"column":61}},"2":{"start":{"line":3,"column":0},"end":{"line":3,"column":74}},"3":{"start":{"line":4,"column":0},"end":{"line":4,"column":35}},"4":{"start":{"line":5,"column":0},"end":{"line":5,"column":49}},"5":{"start":{"line":6,"column":0},"end":{"line":6,"column":64}},"6":{"start":{"line":7,"column":0},"end":{"line":7,"column":62}},"8":{"start":{"line":9,"column":0},"end":{"line":9,"column":24}},"9":{"start":{"line":10,"column":0},"end":{"line":10,"column":58}},"10":{"start":{"line":11,"column":0},"end":{"line":11,"column":26}},"11":{"start":{"line":12,"column":0},"end":{"line":12,"column":4}},"12":{"start":{"line":13,"column":0},"end":{"line":13,"column":36}},"14":{"start":{"line":15,"column":0},"end":{"line":15,"column":56}},"15":{"start":{"line":16,"column":0},"end":{"line":16,"column":51}},"17":{"start":{"line":18,"column":0},"end":{"line":18,"column":10}},"19":{"start":{"line":20,"column":0},"end":{"line":20,"column":71}},"20":{"start":{"line":21,"column":0},"end":{"line":21,"column":25}},"21":{"start":{"line":22,"column":0},"end":{"line":22,"column":30}},"22":{"start":{"line":23,"column":0},"end":{"line":23,"column":4}},"24":{"start":{"line":25,"column":0},"end":{"line":25,"column":28}},"25":{"start":{"line":26,"column":0},"end":{"line":26,"column":26}},"26":{"start":{"line":27,"column":0},"end":{"line":27,"column":26}},"27":{"start":{"line":28,"column":0},"end":{"line":28,"column":4}},"29":{"start":{"line":30,"column":0},"end":{"line":30,"column":19}},"31":{"start":{"line":32,"column":0},"end":{"line":32,"column":26}},"32":{"start":{"line":33,"column":0},"end":{"line":33,"column":38}},"33":{"start":{"line":34,"column":0},"end":{"line":34,"column":43}},"34":{"start":{"line":35,"column":0},"end":{"line":35,"column":15}},"36":{"start":{"line":37,"column":0},"end":{"line":37,"column":39}},"37":{"start":{"line":38,"column":0},"end":{"line":38,"column":5}},"38":{"start":{"line":39,"column":0},"end":{"line":39,"column":34}},"40":{"start":{"line":41,"column":0},"end":{"line":41,"column":52}},"41":{"start":{"line":42,"column":0},"end":{"line":42,"column":52}},"43":{"start":{"line":44,"column":0},"end":{"line":44,"column":12}},"44":{"start":{"line":45,"column":0},"end":{"line":45,"column":10}},"45":{"start":{"line":46,"column":0},"end":{"line":46,"column":27}},"46":{"start":{"line":47,"column":0},"end":{"line":47,"column":70}},"48":{"start":{"line":49,"column":0},"end":{"line":49,"column":56}},"49":{"start":{"line":50,"column":0},"end":{"line":50,"column":11}},"50":{"start":{"line":51,"column":0},"end":{"line":51,"column":50}},"51":{"start":{"line":52,"column":0},"end":{"line":52,"column":12}},"52":{"start":{"line":53,"column":0},"end":{"line":53,"column":11}},"53":{"start":{"line":54,"column":0},"end":{"line":54,"column":48}},"54":{"start":{"line":55,"column":0},"end":{"line":55,"column":12}},"55":{"start":{"line":56,"column":0},"end":{"line":56,"column":11}},"56":{"start":{"line":57,"column":0},"end":{"line":57,"column":52}},"57":{"start":{"line":58,"column":0},"end":{"line":58,"column":12}},"58":{"start":{"line":59,"column":0},"end":{"line":59,"column":11}},"59":{"start":{"line":60,"column":0},"end":{"line":60,"column":54}},"60":{"start":{"line":61,"column":0},"end":{"line":61,"column":12}},"61":{"start":{"line":62,"column":0},"end":{"line":62,"column":11}},"62":{"start":{"line":63,"column":0},"end":{"line":63,"column":56}},"63":{"start":{"line":64,"column":0},"end":{"line":64,"column":12}},"64":{"start":{"line":65,"column":0},"end":{"line":65,"column":11}},"65":{"start":{"line":66,"column":0},"end":{"line":66,"column":47}},"66":{"start":{"line":67,"column":0},"end":{"line":67,"column":51}},"67":{"start":{"line":68,"column":0},"end":{"line":68,"column":12}},"68":{"start":{"line":69,"column":0},"end":{"line":69,"column":11}},"69":{"start":{"line":70,"column":0},"end":{"line":70,"column":42}},"70":{"start":{"line":71,"column":0},"end":{"line":71,"column":59}},"71":{"start":{"line":72,"column":0},"end":{"line":72,"column":12}},"72":{"start":{"line":73,"column":0},"end":{"line":73,"column":30}},"73":{"start":{"line":74,"column":0},"end":{"line":74,"column":41}},"74":{"start":{"line":75,"column":0},"end":{"line":75,"column":15}},"75":{"start":{"line":76,"column":0},"end":{"line":76,"column":46}},"76":{"start":{"line":77,"column":0},"end":{"line":77,"column":16}},"77":{"start":{"line":78,"column":0},"end":{"line":78,"column":62}},"78":{"start":{"line":79,"column":0},"end":{"line":79,"column":16}},"80":{"start":{"line":81,"column":0},"end":{"line":81,"column":12}},"82":{"start":{"line":83,"column":0},"end":{"line":83,"column":4}},"84":{"start":{"line":85,"column":0},"end":{"line":85,"column":10}},"85":{"start":{"line":86,"column":0},"end":{"line":86,"column":31}},"86":{"start":{"line":87,"column":0},"end":{"line":87,"column":38}},"88":{"start":{"line":89,"column":0},"end":{"line":89,"column":34}},"89":{"start":{"line":90,"column":0},"end":{"line":90,"column":36}},"90":{"start":{"line":91,"column":0},"end":{"line":91,"column":35}},"91":{"start":{"line":92,"column":0},"end":{"line":92,"column":17}},"92":{"start":{"line":93,"column":0},"end":{"line":93,"column":53}},"93":{"start":{"line":94,"column":0},"end":{"line":94,"column":32}},"94":{"start":{"line":95,"column":0},"end":{"line":95,"column":11}},"96":{"start":{"line":97,"column":0},"end":{"line":97,"column":19}},"97":{"start":{"line":98,"column":0},"end":{"line":98,"column":17}},"98":{"start":{"line":99,"column":0},"end":{"line":99,"column":56}},"99":{"start":{"line":100,"column":0},"end":{"line":100,"column":32}},"100":{"start":{"line":101,"column":0},"end":{"line":101,"column":11}},"102":{"start":{"line":103,"column":0},"end":{"line":103,"column":19}},"103":{"start":{"line":104,"column":0},"end":{"line":104,"column":14}},"104":{"start":{"line":105,"column":0},"end":{"line":105,"column":12}},"106":{"start":{"line":107,"column":0},"end":{"line":107,"column":45}},"107":{"start":{"line":108,"column":0},"end":{"line":108,"column":33}},"108":{"start":{"line":109,"column":0},"end":{"line":109,"column":37}},"109":{"start":{"line":110,"column":0},"end":{"line":110,"column":40}},"111":{"start":{"line":112,"column":0},"end":{"line":112,"column":14}},"113":{"start":{"line":114,"column":0},"end":{"line":114,"column":44}},"114":{"start":{"line":115,"column":0},"end":{"line":115,"column":45}},"115":{"start":{"line":116,"column":0},"end":{"line":116,"column":16}},"117":{"start":{"line":118,"column":0},"end":{"line":118,"column":12}},"119":{"start":{"line":120,"column":0},"end":{"line":120,"column":55}},"120":{"start":{"line":121,"column":0},"end":{"line":121,"column":45}},"121":{"start":{"line":122,"column":0},"end":{"line":122,"column":51}},"123":{"start":{"line":124,"column":0},"end":{"line":124,"column":48}},"124":{"start":{"line":125,"column":0},"end":{"line":125,"column":52}},"126":{"start":{"line":127,"column":0},"end":{"line":127,"column":14}},"127":{"start":{"line":128,"column":0},"end":{"line":128,"column":10}},"129":{"start":{"line":130,"column":0},"end":{"line":130,"column":2}},"131":{"start":{"line":132,"column":0},"end":{"line":132,"column":24}}},"s":{"0":1,"1":1,"2":1,"3":1,"4":1,"5":1,"6":1,"8":1,"9":2,"10":2,"11":2,"12":2,"14":2,"15":2,"17":2,"19":2,"20":0,"21":0,"22":0,"24":2,"25":0,"26":0,"27":0,"29":2,"31":2,"32":0,"33":0,"34":0,"36":0,"37":0,"38":2,"40":2,"41":1,"43":1,"44":1,"45":1,"46":1,"48":1,"49":1,"50":1,"51":1,"52":1,"53":1,"54":1,"55":1,"56":1,"57":1,"58":1,"59":1,"60":1,"61":1,"62":1,"63":1,"64":1,"65":1,"66":1,"67":1,"68":1,"69":1,"70":1,"71":1,"72":1,"73":0,"74":0,"75":0,"76":0,"77":0,"78":0,"80":1,"82":1,"84":2,"85":2,"86":2,"88":2,"89":2,"90":2,"91":2,"92":2,"93":2,"94":2,"96":2,"97":2,"98":2,"99":2,"100":2,"102":2,"103":2,"104":2,"106":2,"107":2,"108":2,"109":1,"111":1,"113":1,"114":1,"115":1,"117":2,"119":2,"120":2,"121":0,"123":2,"124":0,"126":2,"127":2,"129":2,"131":1},"branchMap":{"0":{"type":"branch","line":9,"loc":{"start":{"line":9,"column":17},"end":{"line":130,"column":2}},"locations":[{"start":{"line":9,"column":17},"end":{"line":130,"column":2}}]},"1":{"type":"branch","line":109,"loc":{"start":{"line":109,"column":32},"end":{"line":112,"column":14}},"locations":[{"start":{"line":109,"column":32},"end":{"line":112,"column":14}}]},"2":{"type":"branch","line":112,"loc":{"start":{"line":112,"column":10},"end":{"line":116,"column":16}},"locations":[{"start":{"line":112,"column":10},"end":{"line":116,"column":16}}]},"3":{"type":"branch","line":121,"loc":{"start":{"line":121,"column":26},"end":{"line":122,"column":51}},"locations":[{"start":{"line":121,"column":26},"end":{"line":122,"column":51}}]},"4":{"type":"branch","line":124,"loc":{"start":{"line":124,"column":26},"end":{"line":125,"column":52}},"locations":[{"start":{"line":124,"column":26},"end":{"line":125,"column":52}}]},"5":{"type":"branch","line":11,"loc":{"start":{"line":11,"column":4},"end":{"line":11,"column":26}},"locations":[{"start":{"line":11,"column":4},"end":{"line":11,"column":26}}]},"6":{"type":"branch","line":30,"loc":{"start":{"line":30,"column":12},"end":{"line":39,"column":5}},"locations":[{"start":{"line":30,"column":12},"end":{"line":39,"column":5}}]},"7":{"type":"branch","line":32,"loc":{"start":{"line":32,"column":25},"end":{"line":38,"column":5}},"locations":[{"start":{"line":32,"column":25},"end":{"line":38,"column":5}}]},"8":{"type":"branch","line":41,"loc":{"start":{"line":41,"column":25},"end":{"line":83,"column":4}},"locations":[{"start":{"line":41,"column":25},"end":{"line":83,"column":4}}]},"9":{"type":"branch","line":47,"loc":{"start":{"line":47,"column":38},"end":{"line":47,"column":65}},"locations":[{"start":{"line":47,"column":38},"end":{"line":47,"column":65}}]},"10":{"type":"branch","line":67,"loc":{"start":{"line":67,"column":38},"end":{"line":67,"column":51}},"locations":[{"start":{"line":67,"column":38},"end":{"line":67,"column":51}}]},"11":{"type":"branch","line":73,"loc":{"start":{"line":73,"column":20},"end":{"line":79,"column":16}},"locations":[{"start":{"line":73,"column":20},"end":{"line":79,"column":16}}]}},"b":{"0":[2],"1":[1],"2":[1],"3":[0],"4":[0],"5":[4],"6":[2],"7":[0],"8":[1],"9":[0],"10":[0],"11":[0]},"fnMap":{"0":{"name":"MainPage","decl":{"start":{"line":9,"column":17},"end":{"line":130,"column":2}},"loc":{"start":{"line":9,"column":17},"end":{"line":130,"column":2}},"line":9},"1":{"name":"openModal","decl":{"start":{"line":20,"column":20},"end":{"line":23,"column":4}},"loc":{"start":{"line":20,"column":20},"end":{"line":23,"column":4}},"line":20},"2":{"name":"closeModal","decl":{"start":{"line":25,"column":21},"end":{"line":28,"column":4}},"loc":{"start":{"line":25,"column":21},"end":{"line":28,"column":4}},"line":25},"3":{"name":"renderFormData","decl":{"start":{"line":41,"column":25},"end":{"line":83,"column":4}},"loc":{"start":{"line":41,"column":25},"end":{"line":83,"column":4}},"line":41},"4":{"name":"onClick","decl":{"start":{"line":93,"column":21},"end":{"line":93,"column":53}},"loc":{"start":{"line":93,"column":21},"end":{"line":93,"column":53}},"line":93},"5":{"name":"onClick","decl":{"start":{"line":99,"column":21},"end":{"line":99,"column":56}},"loc":{"start":{"line":99,"column":21},"end":{"line":99,"column":56}},"line":99}},"f":{"0":2,"1":0,"2":0,"3":1,"4":0,"5":0}}
,"C:\\progReact2025q3\\ts-forms-q3\\src\\components\\pages\\ReactHookForm.tsx": {"path":"C:\\progReact2025q3\\ts-forms-q3\\src\\components\\pages\\ReactHookForm.tsx","all":false,"statementMap":{"0":{"start":{"line":1,"column":0},"end":{"line":1,"column":44}},"2":{"start":{"line":3,"column":0},"end":{"line":3,"column":42}},"3":{"start":{"line":4,"column":0},"end":{"line":4,"column":54}},"4":{"start":{"line":5,"column":0},"end":{"line":5,"column":36}},"5":{"start":{"line":6,"column":0},"end":{"line":6,"column":61}},"6":{"start":{"line":7,"column":0},"end":{"line":7,"column":59}},"7":{"start":{"line":8,"column":0},"end":{"line":8,"column":8}},"11":{"start":{"line":12,"column":0},"end":{"line":12,"column":31}},"21":{"start":{"line":22,"column":0},"end":{"line":22,"column":78}},"23":{"start":{"line":24,"column":0},"end":{"line":24,"column":36}},"24":{"start":{"line":25,"column":0},"end":{"line":25,"column":68}},"27":{"start":{"line":28,"column":0},"end":{"line":28,"column":75}},"28":{"start":{"line":29,"column":0},"end":{"line":29,"column":72}},"29":{"start":{"line":30,"column":0},"end":{"line":30,"column":62}},"30":{"start":{"line":31,"column":0},"end":{"line":31,"column":72}},"33":{"start":{"line":34,"column":0},"end":{"line":34,"column":9}},"34":{"start":{"line":35,"column":0},"end":{"line":35,"column":13}},"35":{"start":{"line":36,"column":0},"end":{"line":36,"column":17}},"36":{"start":{"line":37,"column":0},"end":{"line":37,"column":35}},"37":{"start":{"line":38,"column":0},"end":{"line":38,"column":10}},"38":{"start":{"line":39,"column":0},"end":{"line":39,"column":13}},"39":{"start":{"line":40,"column":0},"end":{"line":40,"column":27}},"40":{"start":{"line":41,"column":0},"end":{"line":41,"column":48}},"41":{"start":{"line":42,"column":0},"end":{"line":42,"column":47}},"42":{"start":{"line":43,"column":0},"end":{"line":43,"column":5}},"45":{"start":{"line":46,"column":0},"end":{"line":46,"column":41}},"48":{"start":{"line":49,"column":0},"end":{"line":49,"column":76}},"49":{"start":{"line":50,"column":0},"end":{"line":50,"column":57}},"50":{"start":{"line":51,"column":0},"end":{"line":51,"column":34}},"51":{"start":{"line":52,"column":0},"end":{"line":52,"column":4}},"54":{"start":{"line":55,"column":0},"end":{"line":55,"column":19}},"55":{"start":{"line":56,"column":0},"end":{"line":56,"column":19}},"56":{"start":{"line":57,"column":0},"end":{"line":57,"column":53}},"57":{"start":{"line":58,"column":0},"end":{"line":58,"column":36}},"58":{"start":{"line":59,"column":0},"end":{"line":59,"column":5}},"59":{"start":{"line":60,"column":0},"end":{"line":60,"column":17}},"62":{"start":{"line":63,"column":0},"end":{"line":63,"column":74}},"63":{"start":{"line":64,"column":0},"end":{"line":64,"column":47}},"64":{"start":{"line":65,"column":0},"end":{"line":65,"column":27}},"65":{"start":{"line":66,"column":0},"end":{"line":66,"column":52}},"66":{"start":{"line":67,"column":0},"end":{"line":67,"column":45}},"67":{"start":{"line":68,"column":0},"end":{"line":68,"column":8}},"68":{"start":{"line":69,"column":0},"end":{"line":69,"column":37}},"69":{"start":{"line":70,"column":0},"end":{"line":70,"column":35}},"70":{"start":{"line":71,"column":0},"end":{"line":71,"column":12}},"71":{"start":{"line":72,"column":0},"end":{"line":72,"column":31}},"72":{"start":{"line":73,"column":0},"end":{"line":73,"column":36}},"73":{"start":{"line":74,"column":0},"end":{"line":74,"column":5}},"74":{"start":{"line":75,"column":0},"end":{"line":75,"column":4}},"77":{"start":{"line":78,"column":0},"end":{"line":78,"column":46}},"78":{"start":{"line":79,"column":0},"end":{"line":79,"column":59}},"79":{"start":{"line":80,"column":0},"end":{"line":80,"column":34}},"80":{"start":{"line":81,"column":0},"end":{"line":81,"column":4}},"83":{"start":{"line":84,"column":0},"end":{"line":84,"column":73}},"84":{"start":{"line":85,"column":0},"end":{"line":85,"column":46}},"85":{"start":{"line":86,"column":0},"end":{"line":86,"column":37}},"86":{"start":{"line":87,"column":0},"end":{"line":87,"column":38}},"88":{"start":{"line":89,"column":0},"end":{"line":89,"column":32}},"89":{"start":{"line":90,"column":0},"end":{"line":90,"column":49}},"90":{"start":{"line":91,"column":0},"end":{"line":91,"column":8}},"92":{"start":{"line":93,"column":0},"end":{"line":93,"column":33}},"93":{"start":{"line":94,"column":0},"end":{"line":94,"column":5}},"94":{"start":{"line":95,"column":0},"end":{"line":95,"column":4}},"97":{"start":{"line":98,"column":0},"end":{"line":98,"column":42}},"99":{"start":{"line":100,"column":0},"end":{"line":100,"column":13}},"100":{"start":{"line":101,"column":0},"end":{"line":101,"column":25}},"101":{"start":{"line":102,"column":0},"end":{"line":102,"column":21}},"102":{"start":{"line":103,"column":0},"end":{"line":103,"column":16}},"103":{"start":{"line":104,"column":0},"end":{"line":104,"column":28}},"104":{"start":{"line":105,"column":0},"end":{"line":105,"column":36}},"105":{"start":{"line":106,"column":0},"end":{"line":106,"column":30}},"106":{"start":{"line":107,"column":0},"end":{"line":107,"column":8}},"107":{"start":{"line":108,"column":0},"end":{"line":108,"column":6}},"109":{"start":{"line":110,"column":0},"end":{"line":110,"column":55}},"110":{"start":{"line":111,"column":0},"end":{"line":111,"column":4}},"112":{"start":{"line":113,"column":0},"end":{"line":113,"column":10}},"113":{"start":{"line":114,"column":0},"end":{"line":114,"column":36}},"114":{"start":{"line":115,"column":0},"end":{"line":115,"column":30}},"115":{"start":{"line":116,"column":0},"end":{"line":116,"column":57}},"116":{"start":{"line":117,"column":0},"end":{"line":117,"column":36}},"117":{"start":{"line":118,"column":0},"end":{"line":118,"column":45}},"118":{"start":{"line":119,"column":0},"end":{"line":119,"column":16}},"119":{"start":{"line":120,"column":0},"end":{"line":120,"column":23}},"120":{"start":{"line":121,"column":0},"end":{"line":121,"column":21}},"121":{"start":{"line":122,"column":0},"end":{"line":122,"column":33}},"122":{"start":{"line":123,"column":0},"end":{"line":123,"column":50}},"123":{"start":{"line":124,"column":0},"end":{"line":124,"column":12}},"124":{"start":{"line":125,"column":0},"end":{"line":125,"column":27}},"125":{"start":{"line":126,"column":0},"end":{"line":126,"column":70}},"127":{"start":{"line":128,"column":0},"end":{"line":128,"column":14}},"129":{"start":{"line":130,"column":0},"end":{"line":130,"column":36}},"130":{"start":{"line":131,"column":0},"end":{"line":131,"column":43}},"131":{"start":{"line":132,"column":0},"end":{"line":132,"column":16}},"132":{"start":{"line":133,"column":0},"end":{"line":133,"column":25}},"133":{"start":{"line":134,"column":0},"end":{"line":134,"column":20}},"134":{"start":{"line":135,"column":0},"end":{"line":135,"column":57}},"135":{"start":{"line":136,"column":0},"end":{"line":136,"column":49}},"136":{"start":{"line":137,"column":0},"end":{"line":137,"column":12}},"137":{"start":{"line":138,"column":0},"end":{"line":138,"column":26}},"138":{"start":{"line":139,"column":0},"end":{"line":139,"column":69}},"140":{"start":{"line":141,"column":0},"end":{"line":141,"column":14}},"142":{"start":{"line":143,"column":0},"end":{"line":143,"column":36}},"143":{"start":{"line":144,"column":0},"end":{"line":144,"column":47}},"144":{"start":{"line":145,"column":0},"end":{"line":145,"column":16}},"145":{"start":{"line":146,"column":0},"end":{"line":146,"column":24}},"146":{"start":{"line":147,"column":0},"end":{"line":147,"column":22}},"147":{"start":{"line":148,"column":0},"end":{"line":148,"column":34}},"148":{"start":{"line":149,"column":0},"end":{"line":149,"column":51}},"149":{"start":{"line":150,"column":0},"end":{"line":150,"column":12}},"150":{"start":{"line":151,"column":0},"end":{"line":151,"column":28}},"151":{"start":{"line":152,"column":0},"end":{"line":152,"column":71}},"153":{"start":{"line":154,"column":0},"end":{"line":154,"column":14}},"155":{"start":{"line":156,"column":0},"end":{"line":156,"column":36}},"156":{"start":{"line":157,"column":0},"end":{"line":157,"column":53}},"157":{"start":{"line":158,"column":0},"end":{"line":158,"column":16}},"158":{"start":{"line":159,"column":0},"end":{"line":159,"column":27}},"159":{"start":{"line":160,"column":0},"end":{"line":160,"column":25}},"160":{"start":{"line":161,"column":0},"end":{"line":161,"column":37}},"161":{"start":{"line":162,"column":0},"end":{"line":162,"column":30}},"162":{"start":{"line":163,"column":0},"end":{"line":163,"column":47}},"163":{"start":{"line":164,"column":0},"end":{"line":164,"column":38}},"164":{"start":{"line":165,"column":0},"end":{"line":165,"column":14}},"165":{"start":{"line":166,"column":0},"end":{"line":166,"column":54}},"166":{"start":{"line":167,"column":0},"end":{"line":167,"column":12}},"167":{"start":{"line":168,"column":0},"end":{"line":168,"column":31}},"168":{"start":{"line":169,"column":0},"end":{"line":169,"column":74}},"170":{"start":{"line":171,"column":0},"end":{"line":171,"column":45}},"171":{"start":{"line":172,"column":0},"end":{"line":172,"column":44}},"172":{"start":{"line":173,"column":0},"end":{"line":173,"column":18}},"173":{"start":{"line":174,"column":0},"end":{"line":174,"column":47}},"174":{"start":{"line":175,"column":0},"end":{"line":175,"column":24}},"175":{"start":{"line":176,"column":0},"end":{"line":176,"column":60}},"176":{"start":{"line":177,"column":0},"end":{"line":177,"column":34}},"177":{"start":{"line":178,"column":0},"end":{"line":178,"column":40}},"178":{"start":{"line":179,"column":0},"end":{"line":179,"column":33}},"179":{"start":{"line":180,"column":0},"end":{"line":180,"column":44}},"180":{"start":{"line":181,"column":0},"end":{"line":181,"column":35}},"181":{"start":{"line":182,"column":0},"end":{"line":182,"column":36}},"182":{"start":{"line":183,"column":0},"end":{"line":183,"column":18}},"183":{"start":{"line":184,"column":0},"end":{"line":184,"column":21}},"184":{"start":{"line":185,"column":0},"end":{"line":185,"column":18}},"185":{"start":{"line":186,"column":0},"end":{"line":186,"column":43}},"186":{"start":{"line":187,"column":0},"end":{"line":187,"column":55}},"187":{"start":{"line":188,"column":0},"end":{"line":188,"column":53}},"188":{"start":{"line":189,"column":0},"end":{"line":189,"column":48}},"189":{"start":{"line":190,"column":0},"end":{"line":190,"column":50}},"190":{"start":{"line":191,"column":0},"end":{"line":191,"column":50}},"191":{"start":{"line":192,"column":0},"end":{"line":192,"column":55}},"192":{"start":{"line":193,"column":0},"end":{"line":193,"column":18}},"193":{"start":{"line":194,"column":0},"end":{"line":194,"column":16}},"194":{"start":{"line":195,"column":0},"end":{"line":195,"column":14}},"196":{"start":{"line":197,"column":0},"end":{"line":197,"column":36}},"197":{"start":{"line":198,"column":0},"end":{"line":198,"column":68}},"198":{"start":{"line":199,"column":0},"end":{"line":199,"column":16}},"199":{"start":{"line":200,"column":0},"end":{"line":200,"column":27}},"200":{"start":{"line":201,"column":0},"end":{"line":201,"column":32}},"201":{"start":{"line":202,"column":0},"end":{"line":202,"column":44}},"202":{"start":{"line":203,"column":0},"end":{"line":203,"column":61}},"203":{"start":{"line":204,"column":0},"end":{"line":204,"column":12}},"204":{"start":{"line":205,"column":0},"end":{"line":205,"column":38}},"205":{"start":{"line":206,"column":0},"end":{"line":206,"column":43}},"206":{"start":{"line":207,"column":0},"end":{"line":207,"column":46}},"207":{"start":{"line":208,"column":0},"end":{"line":208,"column":18}},"209":{"start":{"line":210,"column":0},"end":{"line":210,"column":14}},"211":{"start":{"line":212,"column":0},"end":{"line":212,"column":36}},"212":{"start":{"line":213,"column":0},"end":{"line":213,"column":49}},"213":{"start":{"line":214,"column":0},"end":{"line":214,"column":17}},"214":{"start":{"line":215,"column":0},"end":{"line":215,"column":23}},"215":{"start":{"line":216,"column":0},"end":{"line":216,"column":35}},"216":{"start":{"line":217,"column":0},"end":{"line":217,"column":52}},"218":{"start":{"line":219,"column":0},"end":{"line":219,"column":51}},"219":{"start":{"line":220,"column":0},"end":{"line":220,"column":46}},"220":{"start":{"line":221,"column":0},"end":{"line":221,"column":50}},"221":{"start":{"line":222,"column":0},"end":{"line":222,"column":48}},"222":{"start":{"line":223,"column":0},"end":{"line":223,"column":19}},"223":{"start":{"line":224,"column":0},"end":{"line":224,"column":29}},"224":{"start":{"line":225,"column":0},"end":{"line":225,"column":72}},"226":{"start":{"line":227,"column":0},"end":{"line":227,"column":14}},"228":{"start":{"line":229,"column":0},"end":{"line":229,"column":36}},"229":{"start":{"line":230,"column":0},"end":{"line":230,"column":51}},"230":{"start":{"line":231,"column":0},"end":{"line":231,"column":40}},"231":{"start":{"line":232,"column":0},"end":{"line":232,"column":18}},"232":{"start":{"line":233,"column":0},"end":{"line":233,"column":25}},"233":{"start":{"line":234,"column":0},"end":{"line":234,"column":26}},"234":{"start":{"line":235,"column":0},"end":{"line":235,"column":38}},"235":{"start":{"line":236,"column":0},"end":{"line":236,"column":32}},"236":{"start":{"line":237,"column":0},"end":{"line":237,"column":48}},"237":{"start":{"line":238,"column":0},"end":{"line":238,"column":38}},"238":{"start":{"line":239,"column":0},"end":{"line":239,"column":16}},"239":{"start":{"line":240,"column":0},"end":{"line":240,"column":28}},"240":{"start":{"line":241,"column":0},"end":{"line":241,"column":36}},"241":{"start":{"line":242,"column":0},"end":{"line":242,"column":54}},"242":{"start":{"line":243,"column":0},"end":{"line":243,"column":57}},"244":{"start":{"line":245,"column":0},"end":{"line":245,"column":55}},"245":{"start":{"line":246,"column":0},"end":{"line":246,"column":14}},"246":{"start":{"line":247,"column":0},"end":{"line":247,"column":69}},"247":{"start":{"line":248,"column":0},"end":{"line":248,"column":53}},"248":{"start":{"line":249,"column":0},"end":{"line":249,"column":60}},"249":{"start":{"line":250,"column":0},"end":{"line":250,"column":22}},"250":{"start":{"line":251,"column":0},"end":{"line":251,"column":31}},"251":{"start":{"line":252,"column":0},"end":{"line":252,"column":49}},"252":{"start":{"line":253,"column":0},"end":{"line":253,"column":58}},"254":{"start":{"line":255,"column":0},"end":{"line":255,"column":29}},"255":{"start":{"line":256,"column":0},"end":{"line":256,"column":24}},"256":{"start":{"line":257,"column":0},"end":{"line":257,"column":19}},"257":{"start":{"line":258,"column":0},"end":{"line":258,"column":20}},"259":{"start":{"line":260,"column":0},"end":{"line":260,"column":16}},"260":{"start":{"line":261,"column":0},"end":{"line":261,"column":30}},"261":{"start":{"line":262,"column":0},"end":{"line":262,"column":73}},"263":{"start":{"line":264,"column":0},"end":{"line":264,"column":14}},"265":{"start":{"line":266,"column":0},"end":{"line":266,"column":36}},"266":{"start":{"line":267,"column":0},"end":{"line":267,"column":77}},"267":{"start":{"line":268,"column":0},"end":{"line":268,"column":16}},"268":{"start":{"line":269,"column":0},"end":{"line":269,"column":23}},"269":{"start":{"line":270,"column":0},"end":{"line":270,"column":22}},"270":{"start":{"line":271,"column":0},"end":{"line":271,"column":53}},"271":{"start":{"line":272,"column":0},"end":{"line":272,"column":30}},"272":{"start":{"line":273,"column":0},"end":{"line":273,"column":44}},"273":{"start":{"line":274,"column":0},"end":{"line":274,"column":35}},"274":{"start":{"line":275,"column":0},"end":{"line":275,"column":14}},"275":{"start":{"line":276,"column":0},"end":{"line":276,"column":51}},"276":{"start":{"line":277,"column":0},"end":{"line":277,"column":12}},"277":{"start":{"line":278,"column":0},"end":{"line":278,"column":28}},"278":{"start":{"line":279,"column":0},"end":{"line":279,"column":71}},"280":{"start":{"line":281,"column":0},"end":{"line":281,"column":28}},"281":{"start":{"line":282,"column":0},"end":{"line":282,"column":43}},"282":{"start":{"line":283,"column":0},"end":{"line":283,"column":54}},"283":{"start":{"line":284,"column":0},"end":{"line":284,"column":18}},"285":{"start":{"line":286,"column":0},"end":{"line":286,"column":14}},"287":{"start":{"line":288,"column":0},"end":{"line":288,"column":51}},"288":{"start":{"line":289,"column":0},"end":{"line":289,"column":16}},"289":{"start":{"line":290,"column":0},"end":{"line":290,"column":27}},"290":{"start":{"line":291,"column":0},"end":{"line":291,"column":30}},"291":{"start":{"line":292,"column":0},"end":{"line":292,"column":42}},"292":{"start":{"line":293,"column":0},"end":{"line":293,"column":59}},"293":{"start":{"line":294,"column":0},"end":{"line":294,"column":12}},"294":{"start":{"line":295,"column":0},"end":{"line":295,"column":41}},"296":{"start":{"line":297,"column":0},"end":{"line":297,"column":18}},"297":{"start":{"line":298,"column":0},"end":{"line":298,"column":36}},"298":{"start":{"line":299,"column":0},"end":{"line":299,"column":79}},"300":{"start":{"line":301,"column":0},"end":{"line":301,"column":14}},"302":{"start":{"line":303,"column":0},"end":{"line":303,"column":76}},"304":{"start":{"line":305,"column":0},"end":{"line":305,"column":17}},"305":{"start":{"line":306,"column":0},"end":{"line":306,"column":13}},"306":{"start":{"line":307,"column":0},"end":{"line":307,"column":10}},"308":{"start":{"line":309,"column":0},"end":{"line":309,"column":2}},"310":{"start":{"line":311,"column":0},"end":{"line":311,"column":33}}},"s":{"0":1,"2":1,"3":1,"4":1,"5":1,"6":1,"7":1,"11":1,"21":1,"23":11,"24":11,"27":11,"28":11,"29":11,"30":11,"33":11,"34":11,"35":11,"36":11,"37":11,"38":11,"39":11,"40":11,"41":11,"42":11,"45":11,"48":11,"49":1,"50":1,"51":1,"54":11,"55":5,"56":1,"57":1,"58":1,"59":11,"62":11,"63":1,"64":1,"65":1,"66":3,"67":1,"68":1,"69":1,"70":1,"71":0,"72":0,"73":0,"74":1,"77":11,"78":0,"79":0,"80":0,"83":11,"84":1,"85":1,"86":1,"88":1,"89":1,"90":1,"92":1,"93":1,"94":1,"97":11,"99":1,"100":1,"101":1,"102":1,"103":1,"104":1,"105":1,"106":1,"107":1,"109":1,"110":1,"112":11,"113":11,"114":11,"115":11,"116":11,"117":11,"118":11,"119":11,"120":11,"121":11,"122":11,"123":11,"124":11,"125":1,"127":11,"129":11,"130":11,"131":11,"132":11,"133":11,"134":11,"135":11,"136":11,"137":11,"138":0,"140":11,"142":11,"143":11,"144":11,"145":11,"146":11,"147":11,"148":11,"149":11,"150":11,"151":0,"153":11,"155":11,"156":11,"157":11,"158":11,"159":11,"160":11,"161":11,"162":1,"163":1,"164":1,"165":11,"166":11,"167":11,"168":0,"170":11,"171":11,"172":11,"173":11,"174":11,"175":11,"176":11,"177":11,"178":6,"179":5,"180":0,"181":5,"182":11,"183":11,"184":11,"185":11,"186":11,"187":11,"188":11,"189":11,"190":11,"191":11,"192":11,"193":11,"194":11,"196":11,"197":11,"198":11,"199":11,"200":11,"201":11,"202":11,"203":11,"204":11,"205":0,"206":0,"207":0,"209":11,"211":11,"212":11,"213":11,"214":11,"215":11,"216":11,"218":11,"219":11,"220":11,"221":11,"222":11,"223":11,"224":0,"226":11,"228":11,"229":11,"230":11,"231":11,"232":11,"233":11,"234":11,"235":11,"236":1,"237":1,"238":1,"239":11,"240":0,"241":0,"242":0,"244":11,"245":11,"246":11,"247":4,"248":4,"249":4,"250":4,"251":4,"252":4,"254":4,"255":4,"256":4,"257":4,"259":11,"260":11,"261":0,"263":11,"265":11,"266":11,"267":11,"268":11,"269":11,"270":11,"271":11,"272":1,"273":1,"274":1,"275":11,"276":11,"277":11,"278":0,"280":11,"281":2,"282":2,"283":2,"285":11,"287":11,"288":11,"289":11,"290":11,"291":11,"292":11,"293":11,"294":11,"296":11,"297":11,"298":0,"300":11,"302":11,"304":11,"305":11,"306":11,"308":11,"310":1},"branchMap":{"0":{"type":"branch","line":22,"loc":{"start":{"line":22,"column":60},"end":{"line":309,"column":2}},"locations":[{"start":{"line":22,"column":60},"end":{"line":309,"column":2}}]},"1":{"type":"branch","line":123,"loc":{"start":{"line":123,"column":30},"end":{"line":123,"column":47}},"locations":[{"start":{"line":123,"column":30},"end":{"line":123,"column":47}}]},"2":{"type":"branch","line":123,"loc":{"start":{"line":123,"column":37},"end":{"line":123,"column":50}},"locations":[{"start":{"line":123,"column":37},"end":{"line":123,"column":50}}]},"3":{"type":"branch","line":125,"loc":{"start":{"line":125,"column":18},"end":{"line":126,"column":70}},"locations":[{"start":{"line":125,"column":18},"end":{"line":126,"column":70}}]},"4":{"type":"branch","line":136,"loc":{"start":{"line":136,"column":30},"end":{"line":136,"column":46}},"locations":[{"start":{"line":136,"column":30},"end":{"line":136,"column":46}}]},"5":{"type":"branch","line":138,"loc":{"start":{"line":138,"column":18},"end":{"line":139,"column":69}},"locations":[{"start":{"line":138,"column":18},"end":{"line":139,"column":69}}]},"6":{"type":"branch","line":149,"loc":{"start":{"line":149,"column":30},"end":{"line":149,"column":48}},"locations":[{"start":{"line":149,"column":30},"end":{"line":149,"column":48}}]},"7":{"type":"branch","line":151,"loc":{"start":{"line":151,"column":18},"end":{"line":152,"column":71}},"locations":[{"start":{"line":151,"column":18},"end":{"line":152,"column":71}}]},"8":{"type":"branch","line":166,"loc":{"start":{"line":166,"column":30},"end":{"line":166,"column":51}},"locations":[{"start":{"line":166,"column":30},"end":{"line":166,"column":51}}]},"9":{"type":"branch","line":168,"loc":{"start":{"line":168,"column":18},"end":{"line":169,"column":74}},"locations":[{"start":{"line":168,"column":18},"end":{"line":169,"column":74}}]},"10":{"type":"branch","line":178,"loc":{"start":{"line":178,"column":39},"end":{"line":179,"column":33}},"locations":[{"start":{"line":178,"column":39},"end":{"line":179,"column":33}}]},"11":{"type":"branch","line":179,"loc":{"start":{"line":179,"column":24},"end":{"line":182,"column":36}},"locations":[{"start":{"line":179,"column":24},"end":{"line":182,"column":36}}]},"12":{"type":"branch","line":180,"loc":{"start":{"line":180,"column":43},"end":{"line":181,"column":35}},"locations":[{"start":{"line":180,"column":43},"end":{"line":181,"column":35}}]},"13":{"type":"branch","line":187,"loc":{"start":{"line":187,"column":36},"end":{"line":187,"column":55}},"locations":[{"start":{"line":187,"column":36},"end":{"line":187,"column":55}}]},"14":{"type":"branch","line":188,"loc":{"start":{"line":188,"column":36},"end":{"line":188,"column":53}},"locations":[{"start":{"line":188,"column":36},"end":{"line":188,"column":53}}]},"15":{"type":"branch","line":189,"loc":{"start":{"line":189,"column":36},"end":{"line":189,"column":48}},"locations":[{"start":{"line":189,"column":36},"end":{"line":189,"column":48}}]},"16":{"type":"branch","line":190,"loc":{"start":{"line":190,"column":36},"end":{"line":190,"column":50}},"locations":[{"start":{"line":190,"column":36},"end":{"line":190,"column":50}}]},"17":{"type":"branch","line":191,"loc":{"start":{"line":191,"column":36},"end":{"line":191,"column":50}},"locations":[{"start":{"line":191,"column":36},"end":{"line":191,"column":50}}]},"18":{"type":"branch","line":192,"loc":{"start":{"line":192,"column":36},"end":{"line":192,"column":55}},"locations":[{"start":{"line":192,"column":36},"end":{"line":192,"column":55}}]},"19":{"type":"branch","line":203,"loc":{"start":{"line":203,"column":30},"end":{"line":203,"column":58}},"locations":[{"start":{"line":203,"column":30},"end":{"line":203,"column":58}}]},"20":{"type":"branch","line":205,"loc":{"start":{"line":205,"column":18},"end":{"line":208,"column":18}},"locations":[{"start":{"line":205,"column":18},"end":{"line":208,"column":18}}]},"21":{"type":"branch","line":217,"loc":{"start":{"line":217,"column":30},"end":{"line":217,"column":49}},"locations":[{"start":{"line":217,"column":30},"end":{"line":217,"column":49}}]},"22":{"type":"branch","line":224,"loc":{"start":{"line":224,"column":18},"end":{"line":225,"column":72}},"locations":[{"start":{"line":224,"column":18},"end":{"line":225,"column":72}}]},"23":{"type":"branch","line":245,"loc":{"start":{"line":245,"column":32},"end":{"line":245,"column":52}},"locations":[{"start":{"line":245,"column":32},"end":{"line":245,"column":52}}]},"24":{"type":"branch","line":247,"loc":{"start":{"line":247,"column":13},"end":{"line":247,"column":69}},"locations":[{"start":{"line":247,"column":13},"end":{"line":247,"column":69}}]},"25":{"type":"branch","line":247,"loc":{"start":{"line":247,"column":63},"end":{"line":258,"column":20}},"locations":[{"start":{"line":247,"column":63},"end":{"line":258,"column":20}}]},"26":{"type":"branch","line":261,"loc":{"start":{"line":261,"column":18},"end":{"line":262,"column":73}},"locations":[{"start":{"line":261,"column":18},"end":{"line":262,"column":73}}]},"27":{"type":"branch","line":276,"loc":{"start":{"line":276,"column":30},"end":{"line":276,"column":48}},"locations":[{"start":{"line":276,"column":30},"end":{"line":276,"column":48}}]},"28":{"type":"branch","line":278,"loc":{"start":{"line":278,"column":18},"end":{"line":279,"column":71}},"locations":[{"start":{"line":278,"column":18},"end":{"line":279,"column":71}}]},"29":{"type":"branch","line":281,"loc":{"start":{"line":281,"column":11},"end":{"line":284,"column":18}},"locations":[{"start":{"line":281,"column":11},"end":{"line":284,"column":18}}]},"30":{"type":"branch","line":293,"loc":{"start":{"line":293,"column":30},"end":{"line":293,"column":56}},"locations":[{"start":{"line":293,"column":30},"end":{"line":293,"column":56}}]},"31":{"type":"branch","line":298,"loc":{"start":{"line":298,"column":18},"end":{"line":299,"column":79}},"locations":[{"start":{"line":298,"column":18},"end":{"line":299,"column":79}}]},"32":{"type":"branch","line":25,"loc":{"start":{"line":25,"column":35},"end":{"line":25,"column":66}},"locations":[{"start":{"line":25,"column":35},"end":{"line":25,"column":66}}]},"33":{"type":"branch","line":49,"loc":{"start":{"line":49,"column":31},"end":{"line":52,"column":4}},"locations":[{"start":{"line":49,"column":31},"end":{"line":52,"column":4}}]},"34":{"type":"branch","line":55,"loc":{"start":{"line":55,"column":12},"end":{"line":60,"column":5}},"locations":[{"start":{"line":55,"column":12},"end":{"line":60,"column":5}}]},"35":{"type":"branch","line":56,"loc":{"start":{"line":56,"column":18},"end":{"line":59,"column":5}},"locations":[{"start":{"line":56,"column":18},"end":{"line":59,"column":5}}]},"36":{"type":"branch","line":63,"loc":{"start":{"line":63,"column":29},"end":{"line":75,"column":4}},"locations":[{"start":{"line":63,"column":29},"end":{"line":75,"column":4}}]},"37":{"type":"branch","line":71,"loc":{"start":{"line":71,"column":4},"end":{"line":74,"column":5}},"locations":[{"start":{"line":71,"column":4},"end":{"line":74,"column":5}}]},"38":{"type":"branch","line":66,"loc":{"start":{"line":66,"column":40},"end":{"line":67,"column":45}},"locations":[{"start":{"line":66,"column":40},"end":{"line":67,"column":45}}]},"39":{"type":"branch","line":84,"loc":{"start":{"line":84,"column":28},"end":{"line":95,"column":4}},"locations":[{"start":{"line":84,"column":28},"end":{"line":95,"column":4}}]},"40":{"type":"branch","line":89,"loc":{"start":{"line":89,"column":25},"end":{"line":91,"column":8}},"locations":[{"start":{"line":89,"column":25},"end":{"line":91,"column":8}}]},"41":{"type":"branch","line":98,"loc":{"start":{"line":98,"column":19},"end":{"line":111,"column":4}},"locations":[{"start":{"line":98,"column":19},"end":{"line":111,"column":4}}]},"42":{"type":"branch","line":162,"loc":{"start":{"line":162,"column":22},"end":{"line":165,"column":14}},"locations":[{"start":{"line":162,"column":22},"end":{"line":165,"column":14}}]},"43":{"type":"branch","line":236,"loc":{"start":{"line":236,"column":24},"end":{"line":239,"column":16}},"locations":[{"start":{"line":236,"column":24},"end":{"line":239,"column":16}}]},"44":{"type":"branch","line":249,"loc":{"start":{"line":249,"column":39},"end":{"line":256,"column":24}},"locations":[{"start":{"line":249,"column":39},"end":{"line":256,"column":24}}]},"45":{"type":"branch","line":272,"loc":{"start":{"line":272,"column":22},"end":{"line":275,"column":14}},"locations":[{"start":{"line":272,"column":22},"end":{"line":275,"column":14}}]}},"b":{"0":[11],"1":[1],"2":[10],"3":[1],"4":[0],"5":[0],"6":[0],"7":[0],"8":[0],"9":[0],"10":[6],"11":[5],"12":[0],"13":[5],"14":[0],"15":[0],"16":[0],"17":[0],"18":[6],"19":[0],"20":[0],"21":[0],"22":[0],"23":[0],"24":[4],"25":[4],"26":[0],"27":[0],"28":[0],"29":[2],"30":[0],"31":[0],"32":[15],"33":[1],"34":[5],"35":[1],"36":[1],"37":[0],"38":[3],"39":[1],"40":[1],"41":[1],"42":[1],"43":[1],"44":[4],"45":[1]},"fnMap":{"0":{"name":"ReactHookFormPage","decl":{"start":{"line":22,"column":60},"end":{"line":309,"column":2}},"loc":{"start":{"line":22,"column":60},"end":{"line":309,"column":2}},"line":22},"1":{"name":"handlePasswordChange","decl":{"start":{"line":49,"column":31},"end":{"line":52,"column":4}},"loc":{"start":{"line":49,"column":31},"end":{"line":52,"column":4}},"line":49},"2":{"name":"handleCountryInput","decl":{"start":{"line":63,"column":29},"end":{"line":75,"column":4}},"loc":{"start":{"line":63,"column":29},"end":{"line":75,"column":4}},"line":63},"3":{"name":"selectCountry","decl":{"start":{"line":78,"column":24},"end":{"line":81,"column":4}},"loc":{"start":{"line":78,"column":24},"end":{"line":81,"column":4}},"line":78},"4":{"name":"handleImageChange","decl":{"start":{"line":84,"column":28},"end":{"line":95,"column":4}},"loc":{"start":{"line":84,"column":28},"end":{"line":95,"column":4}},"line":84},"5":{"name":"reader.onloadend","decl":{"start":{"line":89,"column":25},"end":{"line":91,"column":8}},"loc":{"start":{"line":89,"column":25},"end":{"line":91,"column":8}},"line":89},"6":{"name":"onSubmit","decl":{"start":{"line":98,"column":19},"end":{"line":111,"column":4}},"loc":{"start":{"line":98,"column":19},"end":{"line":111,"column":4}},"line":98},"7":{"name":"onChange","decl":{"start":{"line":162,"column":22},"end":{"line":165,"column":14}},"loc":{"start":{"line":162,"column":22},"end":{"line":165,"column":14}},"line":162},"8":{"name":"onChange","decl":{"start":{"line":236,"column":24},"end":{"line":239,"column":16}},"loc":{"start":{"line":236,"column":24},"end":{"line":239,"column":16}},"line":236},"9":{"name":"onFocus","decl":{"start":{"line":240,"column":23},"end":{"line":243,"column":57}},"loc":{"start":{"line":240,"column":23},"end":{"line":243,"column":57}},"line":240},"10":{"name":"onClick","decl":{"start":{"line":253,"column":29},"end":{"line":253,"column":58}},"loc":{"start":{"line":253,"column":29},"end":{"line":253,"column":58}},"line":253},"11":{"name":"onChange","decl":{"start":{"line":272,"column":22},"end":{"line":275,"column":14}},"loc":{"start":{"line":272,"column":22},"end":{"line":275,"column":14}},"line":272}},"f":{"0":11,"1":1,"2":1,"3":0,"4":1,"5":1,"6":1,"7":1,"8":1,"9":0,"10":0,"11":1}}
,"C:\\progReact2025q3\\ts-forms-q3\\src\\components\\pages\\UncontrolledForm.tsx": {"path":"C:\\progReact2025q3\\ts-forms-q3\\src\\components\\pages\\UncontrolledForm.tsx","all":false,"statementMap":{"0":{"start":{"line":1,"column":0},"end":{"line":1,"column":52}},"2":{"start":{"line":3,"column":0},"end":{"line":3,"column":36}},"3":{"start":{"line":4,"column":0},"end":{"line":4,"column":61}},"4":{"start":{"line":5,"column":0},"end":{"line":5,"column":59}},"5":{"start":{"line":6,"column":0},"end":{"line":6,"column":8}},"9":{"start":{"line":10,"column":0},"end":{"line":10,"column":31}},"19":{"start":{"line":20,"column":0},"end":{"line":20,"column":76}},"21":{"start":{"line":22,"column":0},"end":{"line":22,"column":36}},"22":{"start":{"line":23,"column":0},"end":{"line":23,"column":68}},"25":{"start":{"line":26,"column":0},"end":{"line":26,"column":49}},"26":{"start":{"line":27,"column":0},"end":{"line":27,"column":48}},"27":{"start":{"line":28,"column":0},"end":{"line":28,"column":50}},"28":{"start":{"line":29,"column":0},"end":{"line":29,"column":53}},"29":{"start":{"line":30,"column":0},"end":{"line":30,"column":60}},"30":{"start":{"line":31,"column":0},"end":{"line":31,"column":52}},"31":{"start":{"line":32,"column":0},"end":{"line":32,"column":58}},"32":{"start":{"line":33,"column":0},"end":{"line":33,"column":50}},"33":{"start":{"line":34,"column":0},"end":{"line":34,"column":52}},"36":{"start":{"line":37,"column":0},"end":{"line":37,"column":61}},"37":{"start":{"line":38,"column":0},"end":{"line":38,"column":75}},"38":{"start":{"line":39,"column":0},"end":{"line":39,"column":72}},"39":{"start":{"line":40,"column":0},"end":{"line":40,"column":62}},"40":{"start":{"line":41,"column":0},"end":{"line":41,"column":72}},"43":{"start":{"line":44,"column":0},"end":{"line":44,"column":38}},"44":{"start":{"line":45,"column":0},"end":{"line":45,"column":30}},"45":{"start":{"line":46,"column":0},"end":{"line":46,"column":70}},"46":{"start":{"line":47,"column":0},"end":{"line":47,"column":36}},"47":{"start":{"line":48,"column":0},"end":{"line":48,"column":5}},"48":{"start":{"line":49,"column":0},"end":{"line":49,"column":4}},"51":{"start":{"line":52,"column":0},"end":{"line":52,"column":36}},"52":{"start":{"line":53,"column":0},"end":{"line":53,"column":29}},"53":{"start":{"line":54,"column":0},"end":{"line":54,"column":59}},"54":{"start":{"line":55,"column":0},"end":{"line":55,"column":29}},"55":{"start":{"line":56,"column":0},"end":{"line":56,"column":54}},"56":{"start":{"line":57,"column":0},"end":{"line":57,"column":47}},"57":{"start":{"line":58,"column":0},"end":{"line":58,"column":10}},"58":{"start":{"line":59,"column":0},"end":{"line":59,"column":39}},"59":{"start":{"line":60,"column":0},"end":{"line":60,"column":37}},"60":{"start":{"line":61,"column":0},"end":{"line":61,"column":14}},"61":{"start":{"line":62,"column":0},"end":{"line":62,"column":33}},"62":{"start":{"line":63,"column":0},"end":{"line":63,"column":38}},"63":{"start":{"line":64,"column":0},"end":{"line":64,"column":7}},"64":{"start":{"line":65,"column":0},"end":{"line":65,"column":5}},"65":{"start":{"line":66,"column":0},"end":{"line":66,"column":4}},"68":{"start":{"line":69,"column":0},"end":{"line":69,"column":46}},"69":{"start":{"line":70,"column":0},"end":{"line":70,"column":29}},"70":{"start":{"line":71,"column":0},"end":{"line":71,"column":41}},"71":{"start":{"line":72,"column":0},"end":{"line":72,"column":36}},"72":{"start":{"line":73,"column":0},"end":{"line":73,"column":5}},"73":{"start":{"line":74,"column":0},"end":{"line":74,"column":4}},"76":{"start":{"line":77,"column":0},"end":{"line":77,"column":35}},"77":{"start":{"line":78,"column":0},"end":{"line":78,"column":8}},"78":{"start":{"line":79,"column":0},"end":{"line":79,"column":25}},"79":{"start":{"line":80,"column":0},"end":{"line":80,"column":31}},"80":{"start":{"line":81,"column":0},"end":{"line":81,"column":31}},"81":{"start":{"line":82,"column":0},"end":{"line":82,"column":7}},"82":{"start":{"line":83,"column":0},"end":{"line":83,"column":45}},"83":{"start":{"line":84,"column":0},"end":{"line":84,"column":38}},"85":{"start":{"line":86,"column":0},"end":{"line":86,"column":32}},"86":{"start":{"line":87,"column":0},"end":{"line":87,"column":49}},"87":{"start":{"line":88,"column":0},"end":{"line":88,"column":8}},"89":{"start":{"line":90,"column":0},"end":{"line":90,"column":33}},"90":{"start":{"line":91,"column":0},"end":{"line":91,"column":5}},"91":{"start":{"line":92,"column":0},"end":{"line":92,"column":4}},"94":{"start":{"line":95,"column":0},"end":{"line":95,"column":48}},"95":{"start":{"line":96,"column":0},"end":{"line":96,"column":23}},"96":{"start":{"line":97,"column":0},"end":{"line":97,"column":18}},"99":{"start":{"line":100,"column":0},"end":{"line":100,"column":22}},"100":{"start":{"line":101,"column":0},"end":{"line":101,"column":41}},"101":{"start":{"line":102,"column":0},"end":{"line":102,"column":46}},"102":{"start":{"line":103,"column":0},"end":{"line":103,"column":43}},"103":{"start":{"line":104,"column":0},"end":{"line":104,"column":49}},"104":{"start":{"line":105,"column":0},"end":{"line":105,"column":63}},"105":{"start":{"line":106,"column":0},"end":{"line":106,"column":45}},"106":{"start":{"line":107,"column":0},"end":{"line":107,"column":64}},"107":{"start":{"line":108,"column":0},"end":{"line":108,"column":26}},"108":{"start":{"line":109,"column":0},"end":{"line":109,"column":47}},"109":{"start":{"line":110,"column":0},"end":{"line":110,"column":6}},"111":{"start":{"line":112,"column":0},"end":{"line":112,"column":9}},"113":{"start":{"line":114,"column":0},"end":{"line":114,"column":75}},"116":{"start":{"line":117,"column":0},"end":{"line":117,"column":15}},"117":{"start":{"line":118,"column":0},"end":{"line":118,"column":27}},"118":{"start":{"line":119,"column":0},"end":{"line":119,"column":23}},"119":{"start":{"line":120,"column":0},"end":{"line":120,"column":22}},"120":{"start":{"line":121,"column":0},"end":{"line":121,"column":35}},"121":{"start":{"line":122,"column":0},"end":{"line":122,"column":32}},"122":{"start":{"line":123,"column":0},"end":{"line":123,"column":10}},"123":{"start":{"line":124,"column":0},"end":{"line":124,"column":8}},"125":{"start":{"line":126,"column":0},"end":{"line":126,"column":57}},"126":{"start":{"line":127,"column":0},"end":{"line":127,"column":21}},"127":{"start":{"line":128,"column":0},"end":{"line":128,"column":35}},"128":{"start":{"line":129,"column":0},"end":{"line":129,"column":64}},"129":{"start":{"line":130,"column":0},"end":{"line":130,"column":47}},"131":{"start":{"line":132,"column":0},"end":{"line":132,"column":29}},"132":{"start":{"line":133,"column":0},"end":{"line":133,"column":74}},"133":{"start":{"line":134,"column":0},"end":{"line":134,"column":52}},"134":{"start":{"line":135,"column":0},"end":{"line":135,"column":13}},"135":{"start":{"line":136,"column":0},"end":{"line":136,"column":9}},"137":{"start":{"line":138,"column":0},"end":{"line":138,"column":29}},"138":{"start":{"line":139,"column":0},"end":{"line":139,"column":7}},"139":{"start":{"line":140,"column":0},"end":{"line":140,"column":5}},"140":{"start":{"line":141,"column":0},"end":{"line":141,"column":4}},"142":{"start":{"line":143,"column":0},"end":{"line":143,"column":10}},"143":{"start":{"line":144,"column":0},"end":{"line":144,"column":36}},"144":{"start":{"line":145,"column":0},"end":{"line":145,"column":43}},"145":{"start":{"line":146,"column":0},"end":{"line":146,"column":47}},"146":{"start":{"line":147,"column":0},"end":{"line":147,"column":36}},"147":{"start":{"line":148,"column":0},"end":{"line":148,"column":45}},"148":{"start":{"line":149,"column":0},"end":{"line":149,"column":16}},"149":{"start":{"line":150,"column":0},"end":{"line":150,"column":23}},"150":{"start":{"line":151,"column":0},"end":{"line":151,"column":21}},"151":{"start":{"line":152,"column":0},"end":{"line":152,"column":25}},"152":{"start":{"line":153,"column":0},"end":{"line":153,"column":50}},"153":{"start":{"line":154,"column":0},"end":{"line":154,"column":12}},"154":{"start":{"line":155,"column":0},"end":{"line":155,"column":77}},"155":{"start":{"line":156,"column":0},"end":{"line":156,"column":14}},"157":{"start":{"line":158,"column":0},"end":{"line":158,"column":36}},"158":{"start":{"line":159,"column":0},"end":{"line":159,"column":43}},"159":{"start":{"line":160,"column":0},"end":{"line":160,"column":16}},"160":{"start":{"line":161,"column":0},"end":{"line":161,"column":25}},"161":{"start":{"line":162,"column":0},"end":{"line":162,"column":20}},"162":{"start":{"line":163,"column":0},"end":{"line":163,"column":24}},"163":{"start":{"line":164,"column":0},"end":{"line":164,"column":49}},"164":{"start":{"line":165,"column":0},"end":{"line":165,"column":12}},"165":{"start":{"line":166,"column":0},"end":{"line":166,"column":75}},"166":{"start":{"line":167,"column":0},"end":{"line":167,"column":14}},"168":{"start":{"line":169,"column":0},"end":{"line":169,"column":36}},"169":{"start":{"line":170,"column":0},"end":{"line":170,"column":47}},"170":{"start":{"line":171,"column":0},"end":{"line":171,"column":16}},"171":{"start":{"line":172,"column":0},"end":{"line":172,"column":24}},"172":{"start":{"line":173,"column":0},"end":{"line":173,"column":22}},"173":{"start":{"line":174,"column":0},"end":{"line":174,"column":26}},"174":{"start":{"line":175,"column":0},"end":{"line":175,"column":51}},"175":{"start":{"line":176,"column":0},"end":{"line":176,"column":12}},"176":{"start":{"line":177,"column":0},"end":{"line":177,"column":79}},"177":{"start":{"line":178,"column":0},"end":{"line":178,"column":14}},"179":{"start":{"line":180,"column":0},"end":{"line":180,"column":36}},"180":{"start":{"line":181,"column":0},"end":{"line":181,"column":53}},"181":{"start":{"line":182,"column":0},"end":{"line":182,"column":16}},"182":{"start":{"line":183,"column":0},"end":{"line":183,"column":27}},"183":{"start":{"line":184,"column":0},"end":{"line":184,"column":25}},"184":{"start":{"line":185,"column":0},"end":{"line":185,"column":29}},"185":{"start":{"line":186,"column":0},"end":{"line":186,"column":43}},"186":{"start":{"line":187,"column":0},"end":{"line":187,"column":54}},"187":{"start":{"line":188,"column":0},"end":{"line":188,"column":12}},"188":{"start":{"line":189,"column":0},"end":{"line":189,"column":31}},"189":{"start":{"line":190,"column":0},"end":{"line":190,"column":66}},"191":{"start":{"line":192,"column":0},"end":{"line":192,"column":45}},"192":{"start":{"line":193,"column":0},"end":{"line":193,"column":44}},"193":{"start":{"line":194,"column":0},"end":{"line":194,"column":18}},"194":{"start":{"line":195,"column":0},"end":{"line":195,"column":47}},"195":{"start":{"line":196,"column":0},"end":{"line":196,"column":24}},"196":{"start":{"line":197,"column":0},"end":{"line":197,"column":60}},"197":{"start":{"line":198,"column":0},"end":{"line":198,"column":34}},"198":{"start":{"line":199,"column":0},"end":{"line":199,"column":40}},"199":{"start":{"line":200,"column":0},"end":{"line":200,"column":33}},"200":{"start":{"line":201,"column":0},"end":{"line":201,"column":44}},"201":{"start":{"line":202,"column":0},"end":{"line":202,"column":35}},"202":{"start":{"line":203,"column":0},"end":{"line":203,"column":36}},"203":{"start":{"line":204,"column":0},"end":{"line":204,"column":18}},"204":{"start":{"line":205,"column":0},"end":{"line":205,"column":21}},"205":{"start":{"line":206,"column":0},"end":{"line":206,"column":18}},"206":{"start":{"line":207,"column":0},"end":{"line":207,"column":43}},"207":{"start":{"line":208,"column":0},"end":{"line":208,"column":55}},"208":{"start":{"line":209,"column":0},"end":{"line":209,"column":53}},"209":{"start":{"line":210,"column":0},"end":{"line":210,"column":48}},"210":{"start":{"line":211,"column":0},"end":{"line":211,"column":50}},"211":{"start":{"line":212,"column":0},"end":{"line":212,"column":50}},"212":{"start":{"line":213,"column":0},"end":{"line":213,"column":55}},"213":{"start":{"line":214,"column":0},"end":{"line":214,"column":18}},"214":{"start":{"line":215,"column":0},"end":{"line":215,"column":16}},"215":{"start":{"line":216,"column":0},"end":{"line":216,"column":14}},"217":{"start":{"line":218,"column":0},"end":{"line":218,"column":36}},"218":{"start":{"line":219,"column":0},"end":{"line":219,"column":68}},"219":{"start":{"line":220,"column":0},"end":{"line":220,"column":16}},"220":{"start":{"line":221,"column":0},"end":{"line":221,"column":27}},"221":{"start":{"line":222,"column":0},"end":{"line":222,"column":32}},"222":{"start":{"line":223,"column":0},"end":{"line":223,"column":36}},"223":{"start":{"line":224,"column":0},"end":{"line":224,"column":61}},"224":{"start":{"line":225,"column":0},"end":{"line":225,"column":12}},"225":{"start":{"line":226,"column":0},"end":{"line":226,"column":38}},"226":{"start":{"line":227,"column":0},"end":{"line":227,"column":73}},"228":{"start":{"line":229,"column":0},"end":{"line":229,"column":14}},"230":{"start":{"line":231,"column":0},"end":{"line":231,"column":36}},"231":{"start":{"line":232,"column":0},"end":{"line":232,"column":49}},"232":{"start":{"line":233,"column":0},"end":{"line":233,"column":17}},"233":{"start":{"line":234,"column":0},"end":{"line":234,"column":23}},"234":{"start":{"line":235,"column":0},"end":{"line":235,"column":27}},"235":{"start":{"line":236,"column":0},"end":{"line":236,"column":52}},"237":{"start":{"line":238,"column":0},"end":{"line":238,"column":51}},"238":{"start":{"line":239,"column":0},"end":{"line":239,"column":46}},"239":{"start":{"line":240,"column":0},"end":{"line":240,"column":50}},"240":{"start":{"line":241,"column":0},"end":{"line":241,"column":48}},"241":{"start":{"line":242,"column":0},"end":{"line":242,"column":19}},"242":{"start":{"line":243,"column":0},"end":{"line":243,"column":29}},"243":{"start":{"line":244,"column":0},"end":{"line":244,"column":64}},"245":{"start":{"line":246,"column":0},"end":{"line":246,"column":14}},"247":{"start":{"line":248,"column":0},"end":{"line":248,"column":36}},"248":{"start":{"line":249,"column":0},"end":{"line":249,"column":51}},"249":{"start":{"line":250,"column":0},"end":{"line":250,"column":40}},"250":{"start":{"line":251,"column":0},"end":{"line":251,"column":18}},"251":{"start":{"line":252,"column":0},"end":{"line":252,"column":25}},"252":{"start":{"line":253,"column":0},"end":{"line":253,"column":26}},"253":{"start":{"line":254,"column":0},"end":{"line":254,"column":30}},"254":{"start":{"line":255,"column":0},"end":{"line":255,"column":43}},"255":{"start":{"line":256,"column":0},"end":{"line":256,"column":50}},"256":{"start":{"line":257,"column":0},"end":{"line":257,"column":55}},"257":{"start":{"line":258,"column":0},"end":{"line":258,"column":14}},"258":{"start":{"line":259,"column":0},"end":{"line":259,"column":69}},"259":{"start":{"line":260,"column":0},"end":{"line":260,"column":53}},"260":{"start":{"line":261,"column":0},"end":{"line":261,"column":60}},"261":{"start":{"line":262,"column":0},"end":{"line":262,"column":22}},"262":{"start":{"line":263,"column":0},"end":{"line":263,"column":31}},"263":{"start":{"line":264,"column":0},"end":{"line":264,"column":49}},"264":{"start":{"line":265,"column":0},"end":{"line":265,"column":58}},"266":{"start":{"line":267,"column":0},"end":{"line":267,"column":29}},"267":{"start":{"line":268,"column":0},"end":{"line":268,"column":24}},"268":{"start":{"line":269,"column":0},"end":{"line":269,"column":19}},"269":{"start":{"line":270,"column":0},"end":{"line":270,"column":20}},"271":{"start":{"line":272,"column":0},"end":{"line":272,"column":16}},"272":{"start":{"line":273,"column":0},"end":{"line":273,"column":30}},"273":{"start":{"line":274,"column":0},"end":{"line":274,"column":65}},"275":{"start":{"line":276,"column":0},"end":{"line":276,"column":14}},"277":{"start":{"line":278,"column":0},"end":{"line":278,"column":36}},"278":{"start":{"line":279,"column":0},"end":{"line":279,"column":77}},"279":{"start":{"line":280,"column":0},"end":{"line":280,"column":16}},"280":{"start":{"line":281,"column":0},"end":{"line":281,"column":23}},"281":{"start":{"line":282,"column":0},"end":{"line":282,"column":22}},"282":{"start":{"line":283,"column":0},"end":{"line":283,"column":26}},"283":{"start":{"line":284,"column":0},"end":{"line":284,"column":53}},"284":{"start":{"line":285,"column":0},"end":{"line":285,"column":40}},"285":{"start":{"line":286,"column":0},"end":{"line":286,"column":51}},"286":{"start":{"line":287,"column":0},"end":{"line":287,"column":12}},"287":{"start":{"line":288,"column":0},"end":{"line":288,"column":79}},"288":{"start":{"line":289,"column":0},"end":{"line":289,"column":28}},"289":{"start":{"line":290,"column":0},"end":{"line":290,"column":43}},"290":{"start":{"line":291,"column":0},"end":{"line":291,"column":54}},"291":{"start":{"line":292,"column":0},"end":{"line":292,"column":18}},"293":{"start":{"line":294,"column":0},"end":{"line":294,"column":14}},"295":{"start":{"line":296,"column":0},"end":{"line":296,"column":51}},"296":{"start":{"line":297,"column":0},"end":{"line":297,"column":16}},"297":{"start":{"line":298,"column":0},"end":{"line":298,"column":27}},"298":{"start":{"line":299,"column":0},"end":{"line":299,"column":30}},"299":{"start":{"line":300,"column":0},"end":{"line":300,"column":34}},"300":{"start":{"line":301,"column":0},"end":{"line":301,"column":59}},"301":{"start":{"line":302,"column":0},"end":{"line":302,"column":12}},"302":{"start":{"line":303,"column":0},"end":{"line":303,"column":41}},"304":{"start":{"line":305,"column":0},"end":{"line":305,"column":18}},"305":{"start":{"line":306,"column":0},"end":{"line":306,"column":36}},"306":{"start":{"line":307,"column":0},"end":{"line":307,"column":71}},"308":{"start":{"line":309,"column":0},"end":{"line":309,"column":14}},"310":{"start":{"line":311,"column":0},"end":{"line":311,"column":56}},"312":{"start":{"line":313,"column":0},"end":{"line":313,"column":17}},"313":{"start":{"line":314,"column":0},"end":{"line":314,"column":13}},"314":{"start":{"line":315,"column":0},"end":{"line":315,"column":10}},"316":{"start":{"line":317,"column":0},"end":{"line":317,"column":2}},"318":{"start":{"line":319,"column":0},"end":{"line":319,"column":32}}},"s":{"0":1,"2":1,"3":1,"4":1,"5":1,"9":1,"19":1,"21":9,"22":9,"25":9,"26":9,"27":9,"28":9,"29":9,"30":9,"31":9,"32":9,"33":9,"36":9,"37":9,"38":9,"39":9,"40":9,"43":9,"44":1,"45":1,"46":1,"47":1,"48":1,"51":9,"52":1,"53":1,"54":1,"55":1,"56":3,"57":1,"58":1,"59":1,"60":1,"61":0,"62":0,"63":0,"64":1,"65":1,"68":9,"69":0,"70":0,"71":0,"72":0,"73":0,"76":9,"77":1,"78":1,"79":1,"80":1,"81":1,"82":1,"83":1,"85":1,"86":1,"87":1,"89":1,"90":1,"91":1,"94":9,"95":2,"96":2,"99":2,"100":2,"101":2,"102":2,"103":2,"104":2,"105":2,"106":2,"107":2,"108":2,"109":2,"111":2,"113":2,"116":1,"117":1,"118":1,"119":1,"120":1,"121":1,"122":1,"123":1,"125":1,"126":1,"127":1,"128":1,"129":1,"131":1,"132":1,"133":15,"134":1,"135":1,"137":1,"138":1,"139":1,"140":2,"142":9,"143":9,"144":9,"145":9,"146":9,"147":9,"148":9,"149":9,"150":9,"151":9,"152":9,"153":9,"154":9,"155":9,"157":9,"158":9,"159":9,"160":9,"161":9,"162":9,"163":9,"164":9,"165":9,"166":9,"168":9,"169":9,"170":9,"171":9,"172":9,"173":9,"174":9,"175":9,"176":9,"177":9,"179":9,"180":9,"181":9,"182":9,"183":9,"184":9,"185":9,"186":9,"187":9,"188":9,"189":1,"191":9,"192":9,"193":9,"194":9,"195":9,"196":9,"197":9,"198":9,"199":4,"200":5,"201":0,"202":5,"203":9,"204":9,"205":9,"206":9,"207":9,"208":9,"209":9,"210":9,"211":9,"212":9,"213":9,"214":9,"215":9,"217":9,"218":9,"219":9,"220":9,"221":9,"222":9,"223":9,"224":9,"225":9,"226":1,"228":9,"230":9,"231":9,"232":9,"233":9,"234":9,"235":9,"237":9,"238":9,"239":9,"240":9,"241":9,"242":9,"243":1,"245":9,"247":9,"248":9,"249":9,"250":9,"251":9,"252":9,"253":9,"254":9,"255":9,"256":9,"257":9,"258":9,"259":3,"260":3,"261":3,"262":3,"263":3,"264":3,"266":3,"267":3,"268":3,"269":3,"271":9,"272":9,"273":1,"275":9,"277":9,"278":9,"279":9,"280":9,"281":9,"282":9,"283":9,"284":9,"285":9,"286":9,"287":9,"288":9,"289":2,"290":2,"291":2,"293":9,"295":9,"296":9,"297":9,"298":9,"299":9,"300":9,"301":9,"302":9,"304":9,"305":9,"306":1,"308":9,"310":9,"312":9,"313":9,"314":9,"316":9,"318":1},"branchMap":{"0":{"type":"branch","line":20,"loc":{"start":{"line":20,"column":58},"end":{"line":317,"column":2}},"locations":[{"start":{"line":20,"column":58},"end":{"line":317,"column":2}}]},"1":{"type":"branch","line":153,"loc":{"start":{"line":153,"column":30},"end":{"line":153,"column":47}},"locations":[{"start":{"line":153,"column":30},"end":{"line":153,"column":47}}]},"2":{"type":"branch","line":153,"loc":{"start":{"line":153,"column":37},"end":{"line":153,"column":50}},"locations":[{"start":{"line":153,"column":37},"end":{"line":153,"column":50}}]},"3":{"type":"branch","line":155,"loc":{"start":{"line":155,"column":18},"end":{"line":155,"column":77}},"locations":[{"start":{"line":155,"column":18},"end":{"line":155,"column":77}}]},"4":{"type":"branch","line":164,"loc":{"start":{"line":164,"column":30},"end":{"line":164,"column":46}},"locations":[{"start":{"line":164,"column":30},"end":{"line":164,"column":46}}]},"5":{"type":"branch","line":164,"loc":{"start":{"line":164,"column":36},"end":{"line":164,"column":49}},"locations":[{"start":{"line":164,"column":36},"end":{"line":164,"column":49}}]},"6":{"type":"branch","line":166,"loc":{"start":{"line":166,"column":18},"end":{"line":166,"column":75}},"locations":[{"start":{"line":166,"column":18},"end":{"line":166,"column":75}}]},"7":{"type":"branch","line":175,"loc":{"start":{"line":175,"column":30},"end":{"line":175,"column":48}},"locations":[{"start":{"line":175,"column":30},"end":{"line":175,"column":48}}]},"8":{"type":"branch","line":175,"loc":{"start":{"line":175,"column":38},"end":{"line":175,"column":51}},"locations":[{"start":{"line":175,"column":38},"end":{"line":175,"column":51}}]},"9":{"type":"branch","line":177,"loc":{"start":{"line":177,"column":18},"end":{"line":177,"column":79}},"locations":[{"start":{"line":177,"column":18},"end":{"line":177,"column":79}}]},"10":{"type":"branch","line":187,"loc":{"start":{"line":187,"column":30},"end":{"line":187,"column":51}},"locations":[{"start":{"line":187,"column":30},"end":{"line":187,"column":51}}]},"11":{"type":"branch","line":187,"loc":{"start":{"line":187,"column":41},"end":{"line":187,"column":54}},"locations":[{"start":{"line":187,"column":41},"end":{"line":187,"column":54}}]},"12":{"type":"branch","line":189,"loc":{"start":{"line":189,"column":18},"end":{"line":190,"column":66}},"locations":[{"start":{"line":189,"column":18},"end":{"line":190,"column":66}}]},"13":{"type":"branch","line":199,"loc":{"start":{"line":199,"column":39},"end":{"line":200,"column":33}},"locations":[{"start":{"line":199,"column":39},"end":{"line":200,"column":33}}]},"14":{"type":"branch","line":200,"loc":{"start":{"line":200,"column":24},"end":{"line":203,"column":36}},"locations":[{"start":{"line":200,"column":24},"end":{"line":203,"column":36}}]},"15":{"type":"branch","line":201,"loc":{"start":{"line":201,"column":43},"end":{"line":202,"column":35}},"locations":[{"start":{"line":201,"column":43},"end":{"line":202,"column":35}}]},"16":{"type":"branch","line":208,"loc":{"start":{"line":208,"column":36},"end":{"line":208,"column":55}},"locations":[{"start":{"line":208,"column":36},"end":{"line":208,"column":55}}]},"17":{"type":"branch","line":209,"loc":{"start":{"line":209,"column":36},"end":{"line":209,"column":53}},"locations":[{"start":{"line":209,"column":36},"end":{"line":209,"column":53}}]},"18":{"type":"branch","line":210,"loc":{"start":{"line":210,"column":36},"end":{"line":210,"column":48}},"locations":[{"start":{"line":210,"column":36},"end":{"line":210,"column":48}}]},"19":{"type":"branch","line":211,"loc":{"start":{"line":211,"column":36},"end":{"line":211,"column":50}},"locations":[{"start":{"line":211,"column":36},"end":{"line":211,"column":50}}]},"20":{"type":"branch","line":212,"loc":{"start":{"line":212,"column":36},"end":{"line":212,"column":50}},"locations":[{"start":{"line":212,"column":36},"end":{"line":212,"column":50}}]},"21":{"type":"branch","line":213,"loc":{"start":{"line":213,"column":36},"end":{"line":213,"column":55}},"locations":[{"start":{"line":213,"column":36},"end":{"line":213,"column":55}}]},"22":{"type":"branch","line":224,"loc":{"start":{"line":224,"column":30},"end":{"line":224,"column":58}},"locations":[{"start":{"line":224,"column":30},"end":{"line":224,"column":58}}]},"23":{"type":"branch","line":224,"loc":{"start":{"line":224,"column":48},"end":{"line":224,"column":61}},"locations":[{"start":{"line":224,"column":48},"end":{"line":224,"column":61}}]},"24":{"type":"branch","line":226,"loc":{"start":{"line":226,"column":18},"end":{"line":227,"column":73}},"locations":[{"start":{"line":226,"column":18},"end":{"line":227,"column":73}}]},"25":{"type":"branch","line":236,"loc":{"start":{"line":236,"column":30},"end":{"line":236,"column":49}},"locations":[{"start":{"line":236,"column":30},"end":{"line":236,"column":49}}]},"26":{"type":"branch","line":236,"loc":{"start":{"line":236,"column":39},"end":{"line":236,"column":52}},"locations":[{"start":{"line":236,"column":39},"end":{"line":236,"column":52}}]},"27":{"type":"branch","line":243,"loc":{"start":{"line":243,"column":18},"end":{"line":244,"column":64}},"locations":[{"start":{"line":243,"column":18},"end":{"line":244,"column":64}}]},"28":{"type":"branch","line":257,"loc":{"start":{"line":257,"column":32},"end":{"line":257,"column":52}},"locations":[{"start":{"line":257,"column":32},"end":{"line":257,"column":52}}]},"29":{"type":"branch","line":257,"loc":{"start":{"line":257,"column":42},"end":{"line":257,"column":55}},"locations":[{"start":{"line":257,"column":42},"end":{"line":257,"column":55}}]},"30":{"type":"branch","line":259,"loc":{"start":{"line":259,"column":13},"end":{"line":259,"column":69}},"locations":[{"start":{"line":259,"column":13},"end":{"line":259,"column":69}}]},"31":{"type":"branch","line":259,"loc":{"start":{"line":259,"column":63},"end":{"line":270,"column":20}},"locations":[{"start":{"line":259,"column":63},"end":{"line":270,"column":20}}]},"32":{"type":"branch","line":273,"loc":{"start":{"line":273,"column":18},"end":{"line":274,"column":65}},"locations":[{"start":{"line":273,"column":18},"end":{"line":274,"column":65}}]},"33":{"type":"branch","line":286,"loc":{"start":{"line":286,"column":30},"end":{"line":286,"column":48}},"locations":[{"start":{"line":286,"column":30},"end":{"line":286,"column":48}}]},"34":{"type":"branch","line":286,"loc":{"start":{"line":286,"column":38},"end":{"line":286,"column":51}},"locations":[{"start":{"line":286,"column":38},"end":{"line":286,"column":51}}]},"35":{"type":"branch","line":288,"loc":{"start":{"line":288,"column":18},"end":{"line":288,"column":79}},"locations":[{"start":{"line":288,"column":18},"end":{"line":288,"column":79}}]},"36":{"type":"branch","line":289,"loc":{"start":{"line":289,"column":11},"end":{"line":292,"column":18}},"locations":[{"start":{"line":289,"column":11},"end":{"line":292,"column":18}}]},"37":{"type":"branch","line":301,"loc":{"start":{"line":301,"column":30},"end":{"line":301,"column":56}},"locations":[{"start":{"line":301,"column":30},"end":{"line":301,"column":56}}]},"38":{"type":"branch","line":301,"loc":{"start":{"line":301,"column":46},"end":{"line":301,"column":59}},"locations":[{"start":{"line":301,"column":46},"end":{"line":301,"column":59}}]},"39":{"type":"branch","line":306,"loc":{"start":{"line":306,"column":18},"end":{"line":307,"column":71}},"locations":[{"start":{"line":306,"column":18},"end":{"line":307,"column":71}}]},"40":{"type":"branch","line":23,"loc":{"start":{"line":23,"column":35},"end":{"line":23,"column":66}},"locations":[{"start":{"line":23,"column":35},"end":{"line":23,"column":66}}]},"41":{"type":"branch","line":44,"loc":{"start":{"line":44,"column":31},"end":{"line":49,"column":4}},"locations":[{"start":{"line":44,"column":31},"end":{"line":49,"column":4}}]},"42":{"type":"branch","line":52,"loc":{"start":{"line":52,"column":29},"end":{"line":66,"column":4}},"locations":[{"start":{"line":52,"column":29},"end":{"line":66,"column":4}}]},"43":{"type":"branch","line":61,"loc":{"start":{"line":61,"column":6},"end":{"line":64,"column":7}},"locations":[{"start":{"line":61,"column":6},"end":{"line":64,"column":7}}]},"44":{"type":"branch","line":56,"loc":{"start":{"line":56,"column":42},"end":{"line":57,"column":47}},"locations":[{"start":{"line":56,"column":42},"end":{"line":57,"column":47}}]},"45":{"type":"branch","line":77,"loc":{"start":{"line":77,"column":28},"end":{"line":92,"column":4}},"locations":[{"start":{"line":77,"column":28},"end":{"line":92,"column":4}}]},"46":{"type":"branch","line":86,"loc":{"start":{"line":86,"column":25},"end":{"line":88,"column":8}},"locations":[{"start":{"line":86,"column":25},"end":{"line":88,"column":8}}]},"47":{"type":"bran
[...]
"193":{"start":{"line":194,"column":0},"end":{"line":194,"column":12}},"194":{"start":{"line":195,"column":0},"end":{"line":195,"column":14}},"195":{"start":{"line":196,"column":0},"end":{"line":196,"column":12}},"196":{"start":{"line":197,"column":0},"end":{"line":197,"column":10}},"197":{"start":{"line":198,"column":0},"end":{"line":198,"column":11}},"198":{"start":{"line":199,"column":0},"end":{"line":199,"column":13}},"199":{"start":{"line":200,"column":0},"end":{"line":200,"column":2}},"205":{"start":{"line":206,"column":0},"end":{"line":206,"column":38}},"206":{"start":{"line":207,"column":0},"end":{"line":207,"column":22}},"207":{"start":{"line":208,"column":0},"end":{"line":208,"column":2}},"209":{"start":{"line":210,"column":0},"end":{"line":210,"column":43}},"210":{"start":{"line":211,"column":0},"end":{"line":211,"column":20}},"211":{"start":{"line":212,"column":0},"end":{"line":212,"column":15}},"212":{"start":{"line":213,"column":0},"end":{"line":213,"column":71}},"213":{"start":{"line":214,"column":0},"end":{"line":214,"column":3}},"215":{"start":{"line":216,"column":0},"end":{"line":216,"column":38}}},"s":{"0":1,"3":1,"4":1,"5":1,"6":1,"7":1,"8":1,"9":1,"10":1,"11":1,"12":1,"13":1,"14":1,"15":1,"16":1,"17":1,"18":1,"19":1,"20":1,"21":1,"22":1,"23":1,"24":1,"25":1,"26":1,"27":1,"28":1,"29":1,"30":1,"31":1,"32":1,"33":1,"34":1,"35":1,"36":1,"37":1,"38":1,"39":1,"40":1,"41":1,"42":1,"43":1,"44":1,"45":1,"46":1,"47":1,"48":1,"49":1,"50":1,"51":1,"52":1,"53":1,"54":1,"55":1,"56":1,"57":1,"58":1,"59":1,"60":1,"61":1,"62":1,"63":1,"64":1,"65":1,"66":1,"67":1,"68":1,"69":1,"70":1,"71":1,"72":1,"73":1,"74":1,"75":1,"76":1,"77":1,"78":1,"79":1,"80":1,"81":1,"82":1,"83":1,"84":1,"85":1,"86":1,"87":1,"88":1,"89":1,"90":1,"91":1,"92":1,"93":1,"94":1,"95":1,"96":1,"97":1,"98":1,"99":1,"100":1,"101":1,"102":1,"103":1,"104":1,"105":1,"106":1,"107":1,"108":1,"109":1,"110":1,"111":1,"112":1,"113":1,"114":1,"115":1,"116":1,"117":1,"118":1,"119":1,"120":1,"121":1,"122":1,"123":1,"124":1,"125":1,"126":1,"127":1,"128":1,"129":1,"130":1,"131":1,"132":1,"133":1,"134":1,"135":1,"136":1,"137":1,"138":1,"139":1,"140":1,"141":1,"142":1,"143":1,"144":1,"145":1,"146":1,"147":1,"148":1,"149":1,"150":1,"151":1,"152":1,"153":1,"154":1,"155":1,"156":1,"157":1,"158":1,"159":1,"160":1,"161":1,"162":1,"163":1,"164":1,"165":1,"166":1,"167":1,"168":1,"169":1,"170":1,"171":1,"172":1,"173":1,"174":1,"175":1,"176":1,"177":1,"178":1,"179":1,"180":1,"181":1,"182":1,"183":1,"184":1,"185":1,"186":1,"187":1,"188":1,"189":1,"190":1,"191":1,"192":1,"193":1,"194":1,"195":1,"196":1,"197":1,"198":1,"199":1,"205":1,"206":1,"207":1,"209":1,"210":1,"211":1,"212":1,"213":1,"215":1},"branchMap":{},"b":{},"fnMap":{},"f":{}}
,"C:\\progReact2025q3\\ts-forms-q3\\src\\store\\formsSlice.ts": {"path":"C:\\progReact2025q3\\ts-forms-q3\\src\\store\\formsSlice.ts","all":false,"statementMap":{"0":{"start":{"line":1,"column":0},"end":{"line":1,"column":62}},"21":{"start":{"line":22,"column":0},"end":{"line":22,"column":34}},"22":{"start":{"line":23,"column":0},"end":{"line":23,"column":18}},"23":{"start":{"line":24,"column":0},"end":{"line":24,"column":24}},"24":{"start":{"line":25,"column":0},"end":{"line":25,"column":2}},"26":{"start":{"line":27,"column":0},"end":{"line":27,"column":39}},"27":{"start":{"line":28,"column":0},"end":{"line":28,"column":16}},"28":{"start":{"line":29,"column":0},"end":{"line":29,"column":15}},"29":{"start":{"line":30,"column":0},"end":{"line":30,"column":13}},"30":{"start":{"line":31,"column":0},"end":{"line":31,"column":68}},"31":{"start":{"line":32,"column":0},"end":{"line":32,"column":45}},"32":{"start":{"line":33,"column":0},"end":{"line":33,"column":48}},"33":{"start":{"line":34,"column":0},"end":{"line":34,"column":6}},"34":{"start":{"line":35,"column":0},"end":{"line":35,"column":40}},"35":{"start":{"line":36,"column":0},"end":{"line":36,"column":35}},"36":{"start":{"line":37,"column":0},"end":{"line":37,"column":6}},"37":{"start":{"line":38,"column":0},"end":{"line":38,"column":4}},"38":{"start":{"line":39,"column":0},"end":{"line":39,"column":3}},"40":{"start":{"line":41,"column":0},"end":{"line":41,"column":80}},"42":{"start":{"line":43,"column":0},"end":{"line":43,"column":34}}},"s":{"0":1,"21":1,"22":1,"23":1,"24":1,"26":1,"27":1,"28":1,"29":1,"30":1,"31":1,"32":1,"33":1,"34":1,"35":1,"36":1,"37":1,"38":1,"40":1,"42":1},"branchMap":{"0":{"type":"branch","line":31,"loc":{"start":{"line":31,"column":23},"end":{"line":34,"column":6}},"locations":[{"start":{"line":31,"column":23},"end":{"line":34,"column":6}}]},"1":{"type":"branch","line":35,"loc":{"start":{"line":35,"column":28},"end":{"line":37,"column":6}},"locations":[{"start":{"line":35,"column":28},"end":{"line":37,"column":6}}]}},"b":{"0":[1],"1":[1]},"fnMap":{"0":{"name":"addFormSubmission","decl":{"start":{"line":31,"column":23},"end":{"line":34,"column":6}},"loc":{"start":{"line":31,"column":23},"end":{"line":34,"column":6}},"line":31},"1":{"name":"clearNewSubmissionFlag","decl":{"start":{"line":35,"column":28},"end":{"line":37,"column":6}},"loc":{"start":{"line":35,"column":28},"end":{"line":37,"column":6}},"line":35}},"f":{"0":1,"1":1}}
,"C:\\progReact2025q3\\ts-forms-q3\\src\\store\\index.ts": {"path":"C:\\progReact2025q3\\ts-forms-q3\\src\\store\\index.ts","all":false,"statementMap":{"0":{"start":{"line":1,"column":0},"end":{"line":1,"column":50}},"1":{"start":{"line":2,"column":0},"end":{"line":2,"column":77}},"2":{"start":{"line":3,"column":0},"end":{"line":3,"column":40}},"3":{"start":{"line":4,"column":0},"end":{"line":4,"column":48}},"5":{"start":{"line":6,"column":0},"end":{"line":6,"column":37}},"6":{"start":{"line":7,"column":0},"end":{"line":7,"column":12}},"7":{"start":{"line":8,"column":0},"end":{"line":8,"column":24}},"8":{"start":{"line":9,"column":0},"end":{"line":9,"column":32}},"9":{"start":{"line":10,"column":0},"end":{"line":10,"column":4}},"10":{"start":{"line":11,"column":0},"end":{"line":11,"column":3}},"16":{"start":{"line":17,"column":0},"end":{"line":17,"column":61}},"17":{"start":{"line":18,"column":0},"end":{"line":18,"column":75}}},"s":{"0":1,"1":1,"2":1,"3":1,"5":1,"6":1,"7":1,"8":1,"9":1,"10":1,"16":1,"17":1},"branchMap":{},"b":{},"fnMap":{},"f":{}}
,"C:\\progReact2025q3\\ts-forms-q3\\src\\utils\\validationSchema.ts": {"path":"C:\\progReact2025q3\\ts-forms-q3\\src\\utils\\validationSchema.ts","all":false,"statementMap":{"0":{"start":{"line":1,"column":0},"end":{"line":1,"column":27}},"3":{"start":{"line":4,"column":0},"end":{"line":4,"column":23}},"4":{"start":{"line":5,"column":0},"end":{"line":5,"column":29}},"5":{"start":{"line":6,"column":0},"end":{"line":6,"column":29}},"6":{"start":{"line":7,"column":0},"end":{"line":7,"column":48}},"9":{"start":{"line":10,"column":0},"end":{"line":10,"column":48}},"10":{"start":{"line":11,"column":0},"end":{"line":11,"column":11}},"11":{"start":{"line":12,"column":0},"end":{"line":12,"column":13}},"12":{"start":{"line":13,"column":0},"end":{"line":13,"column":33}},"13":{"start":{"line":14,"column":0},"end":{"line":14,"column":67}},"15":{"start":{"line":16,"column":0},"end":{"line":16,"column":10}},"16":{"start":{"line":17,"column":0},"end":{"line":17,"column":13}},"17":{"start":{"line":18,"column":0},"end":{"line":18,"column":32}},"18":{"start":{"line":19,"column":0},"end":{"line":19,"column":46}},"19":{"start":{"line":20,"column":0},"end":{"line":20,"column":39}},"21":{"start":{"line":22,"column":0},"end":{"line":22,"column":12}},"22":{"start":{"line":23,"column":0},"end":{"line":23,"column":13}},"23":{"start":{"line":24,"column":0},"end":{"line":24,"column":34}},"24":{"start":{"line":25,"column":0},"end":{"line":25,"column":35}},"26":{"start":{"line":27,"column":0},"end":{"line":27,"column":15}},"27":{"start":{"line":28,"column":0},"end":{"line":28,"column":13}},"28":{"start":{"line":29,"column":0},"end":{"line":29,"column":37}},"29":{"start":{"line":30,"column":0},"end":{"line":30,"column":53}},"30":{"start":{"line":31,"column":0},"end":{"line":31,"column":10}},"31":{"start":{"line":32,"column":0},"end":{"line":32,"column":26}},"32":{"start":{"line":33,"column":0},"end":{"line":33,"column":48}},"33":{"start":{"line":34,"column":0},"end":{"line":34,"column":44}},"34":{"start":{"line":35,"column":0},"end":{"line":35,"column":5}},"35":{"start":{"line":36,"column":0},"end":{"line":36,"column":10}},"36":{"start":{"line":37,"column":0},"end":{"line":37,"column":26}},"37":{"start":{"line":38,"column":0},"end":{"line":38,"column":58}},"38":{"start":{"line":39,"column":0},"end":{"line":39,"column":47}},"39":{"start":{"line":40,"column":0},"end":{"line":40,"column":5}},"40":{"start":{"line":41,"column":0},"end":{"line":41,"column":10}},"41":{"start":{"line":42,"column":0},"end":{"line":42,"column":26}},"42":{"start":{"line":43,"column":0},"end":{"line":43,"column":58}},"43":{"start":{"line":44,"column":0},"end":{"line":44,"column":47}},"44":{"start":{"line":45,"column":0},"end":{"line":45,"column":5}},"45":{"start":{"line":46,"column":0},"end":{"line":46,"column":10}},"46":{"start":{"line":47,"column":0},"end":{"line":47,"column":26}},"47":{"start":{"line":48,"column":0},"end":{"line":48,"column":59}},"48":{"start":{"line":49,"column":0},"end":{"line":49,"column":49}},"49":{"start":{"line":50,"column":0},"end":{"line":50,"column":6}},"51":{"start":{"line":52,"column":0},"end":{"line":52,"column":22}},"52":{"start":{"line":53,"column":0},"end":{"line":53,"column":13}},"53":{"start":{"line":54,"column":0},"end":{"line":54,"column":45}},"54":{"start":{"line":55,"column":0},"end":{"line":55,"column":58}},"56":{"start":{"line":57,"column":0},"end":{"line":57,"column":13}},"57":{"start":{"line":58,"column":0},"end":{"line":58,"column":13}},"58":{"start":{"line":59,"column":0},"end":{"line":59,"column":35}},"59":{"start":{"line":60,"column":0},"end":{"line":60,"column":72}},"61":{"start":{"line":62,"column":0},"end":{"line":62,"column":20}},"62":{"start":{"line":63,"column":0},"end":{"line":63,"column":14}},"63":{"start":{"line":64,"column":0},"end":{"line":64,"column":57}},"64":{"start":{"line":65,"column":0},"end":{"line":65,"column":63}},"66":{"start":{"line":67,"column":0},"end":{"line":67,"column":12}},"67":{"start":{"line":68,"column":0},"end":{"line":68,"column":12}},"68":{"start":{"line":69,"column":0},"end":{"line":69,"column":75}},"70":{"start":{"line":71,"column":0},"end":{"line":71,"column":57}},"71":{"start":{"line":72,"column":0},"end":{"line":72,"column":21}},"72":{"start":{"line":73,"column":0},"end":{"line":73,"column":7}},"73":{"start":{"line":74,"column":0},"end":{"line":74,"column":18}},"74":{"start":{"line":75,"column":0},"end":{"line":75,"column":6}},"75":{"start":{"line":76,"column":0},"end":{"line":76,"column":10}},"76":{"start":{"line":77,"column":0},"end":{"line":77,"column":22}},"77":{"start":{"line":78,"column":0},"end":{"line":78,"column":41}},"78":{"start":{"line":79,"column":0},"end":{"line":79,"column":24}},"79":{"start":{"line":80,"column":0},"end":{"line":80,"column":32}},"82":{"start":{"line":83,"column":0},"end":{"line":83,"column":36}},"83":{"start":{"line":84,"column":0},"end":{"line":84,"column":79}},"84":{"start":{"line":85,"column":0},"end":{"line":85,"column":9}},"87":{"start":{"line":88,"column":0},"end":{"line":88,"column":75}},"88":{"start":{"line":89,"column":0},"end":{"line":89,"column":61}},"89":{"start":{"line":90,"column":0},"end":{"line":90,"column":77}},"90":{"start":{"line":91,"column":0},"end":{"line":91,"column":9}},"92":{"start":{"line":93,"column":0},"end":{"line":93,"column":21}},"93":{"start":{"line":94,"column":0},"end":{"line":94,"column":7}},"94":{"start":{"line":95,"column":0},"end":{"line":95,"column":5}},"95":{"start":{"line":96,"column":0},"end":{"line":96,"column":80}},"96":{"start":{"line":97,"column":0},"end":{"line":97,"column":30}},"99":{"start":{"line":100,"column":0},"end":{"line":100,"column":34}},"100":{"start":{"line":101,"column":0},"end":{"line":101,"column":52}},"101":{"start":{"line":102,"column":0},"end":{"line":102,"column":7}},"104":{"start":{"line":105,"column":0},"end":{"line":105,"column":38}},"106":{"start":{"line":107,"column":0},"end":{"line":107,"column":65}},"107":{"start":{"line":108,"column":0},"end":{"line":108,"column":66}},"108":{"start":{"line":109,"column":0},"end":{"line":109,"column":57}},"109":{"start":{"line":110,"column":0},"end":{"line":110,"column":7}},"111":{"start":{"line":112,"column":0},"end":{"line":112,"column":19}},"112":{"start":{"line":113,"column":0},"end":{"line":113,"column":7}},"114":{"start":{"line":115,"column":0},"end":{"line":115,"column":56}},"115":{"start":{"line":116,"column":0},"end":{"line":116,"column":3}},"118":{"start":{"line":119,"column":0},"end":{"line":119,"column":66}},"119":{"start":{"line":120,"column":0},"end":{"line":120,"column":19}},"121":{"start":{"line":122,"column":0},"end":{"line":122,"column":42}},"122":{"start":{"line":123,"column":0},"end":{"line":123,"column":46}},"123":{"start":{"line":124,"column":0},"end":{"line":124,"column":49}},"124":{"start":{"line":125,"column":0},"end":{"line":125,"column":49}},"125":{"start":{"line":126,"column":0},"end":{"line":126,"column":51}},"127":{"start":{"line":128,"column":0},"end":{"line":128,"column":18}},"128":{"start":{"line":129,"column":0},"end":{"line":129,"column":2}}},"s":{"0":1,"3":1,"4":1,"5":1,"6":1,"9":1,"10":1,"11":1,"12":1,"13":1,"15":1,"16":1,"17":1,"18":1,"19":1,"21":1,"22":1,"23":1,"24":1,"26":1,"27":1,"28":1,"29":1,"30":1,"31":1,"32":1,"33":1,"34":1,"35":1,"36":1,"37":1,"38":1,"39":1,"40":1,"41":1,"42":1,"43":1,"44":1,"45":1,"46":1,"47":1,"48":1,"49":1,"51":1,"52":1,"53":1,"54":1,"56":1,"57":1,"58":1,"59":1,"61":1,"62":1,"63":1,"64":1,"66":1,"67":1,"68":1,"70":16,"71":0,"72":0,"73":16,"74":1,"75":1,"76":1,"77":1,"78":1,"79":16,"82":1,"83":0,"84":0,"87":16,"88":1,"89":1,"90":1,"92":0,"93":16,"94":1,"95":1,"96":16,"99":1,"100":0,"101":0,"104":1,"106":1,"107":1,"108":1,"109":1,"111":0,"112":1,"114":1,"115":1,"118":1,"119":6,"121":6,"122":6,"123":6,"124":6,"125":6,"127":6,"128":6},"branchMap":{"0":{"type":"branch","line":34,"loc":{"start":{"line":34,"column":6},"end":{"line":34,"column":44}},"locations":[{"start":{"line":34,"column":6},"end":{"line":34,"column":44}}]},"1":{"type":"branch","line":34,"loc":{"start":{"line":34,"column":32},"end":{"line":34,"column":43}},"locations":[{"start":{"line":34,"column":32},"end":{"line":34,"column":43}}]},"2":{"type":"branch","line":39,"loc":{"start":{"line":39,"column":6},"end":{"line":39,"column":47}},"locations":[{"start":{"line":39,"column":6},"end":{"line":39,"column":47}}]},"3":{"type":"branch","line":39,"loc":{"start":{"line":39,"column":35},"end":{"line":39,"column":46}},"locations":[{"start":{"line":39,"column":35},"end":{"line":39,"column":46}}]},"4":{"type":"branch","line":44,"loc":{"start":{"line":44,"column":6},"end":{"line":44,"column":47}},"locations":[{"start":{"line":44,"column":6},"end":{"line":44,"column":47}}]},"5":{"type":"branch","line":44,"loc":{"start":{"line":44,"column":35},"end":{"line":44,"column":46}},"locations":[{"start":{"line":44,"column":35},"end":{"line":44,"column":46}}]},"6":{"type":"branch","line":49,"loc":{"start":{"line":49,"column":6},"end":{"line":49,"column":49}},"locations":[{"start":{"line":49,"column":6},"end":{"line":49,"column":49}}]},"7":{"type":"branch","line":49,"loc":{"start":{"line":49,"column":37},"end":{"line":49,"column":48}},"locations":[{"start":{"line":49,"column":37},"end":{"line":49,"column":48}}]},"8":{"type":"branch","line":69,"loc":{"start":{"line":69,"column":57},"end":{"line":75,"column":5}},"locations":[{"start":{"line":69,"column":57},"end":{"line":75,"column":5}}]},"9":{"type":"branch","line":71,"loc":{"start":{"line":71,"column":23},"end":{"line":71,"column":48}},"locations":[{"start":{"line":71,"column":23},"end":{"line":71,"column":48}}]},"10":{"type":"branch","line":71,"loc":{"start":{"line":71,"column":32},"end":{"line":71,"column":56}},"locations":[{"start":{"line":71,"column":32},"end":{"line":71,"column":56}}]},"11":{"type":"branch","line":71,"loc":{"start":{"line":71,"column":56},"end":{"line":73,"column":7}},"locations":[{"start":{"line":71,"column":56},"end":{"line":73,"column":7}}]},"12":{"type":"branch","line":79,"loc":{"start":{"line":79,"column":6},"end":{"line":94,"column":7}},"locations":[{"start":{"line":79,"column":6},"end":{"line":94,"column":7}}]},"13":{"type":"branch","line":80,"loc":{"start":{"line":80,"column":20},"end":{"line":80,"column":32}},"locations":[{"start":{"line":80,"column":20},"end":{"line":80,"column":32}}]},"14":{"type":"branch","line":80,"loc":{"start":{"line":80,"column":27},"end":{"line":88,"column":74}},"locations":[{"start":{"line":80,"column":27},"end":{"line":88,"column":74}}]},"15":{"type":"branch","line":83,"loc":{"start":{"line":83,"column":35},"end":{"line":85,"column":9}},"locations":[{"start":{"line":83,"column":35},"end":{"line":85,"column":9}}]},"16":{"type":"branch","line":88,"loc":{"start":{"line":88,"column":74},"end":{"line":93,"column":21}},"locations":[{"start":{"line":88,"column":74},"end":{"line":93,"column":21}}]},"17":{"type":"branch","line":91,"loc":{"start":{"line":91,"column":8},"end":{"line":93,"column":21}},"locations":[{"start":{"line":91,"column":8},"end":{"line":93,"column":21}}]},"18":{"type":"branch","line":96,"loc":{"start":{"line":96,"column":62},"end":{"line":113,"column":5}},"locations":[{"start":{"line":96,"column":62},"end":{"line":113,"column":5}}]},"19":{"type":"branch","line":97,"loc":{"start":{"line":97,"column":18},"end":{"line":97,"column":30}},"locations":[{"start":{"line":97,"column":18},"end":{"line":97,"column":30}}]},"20":{"type":"branch","line":97,"loc":{"start":{"line":97,"column":25},"end":{"line":112,"column":19}},"locations":[{"start":{"line":97,"column":25},"end":{"line":112,"column":19}}]},"21":{"type":"branch","line":100,"loc":{"start":{"line":100,"column":33},"end":{"line":102,"column":7}},"locations":[{"start":{"line":100,"column":33},"end":{"line":102,"column":7}}]},"22":{"type":"branch","line":107,"loc":{"start":{"line":107,"column":54},"end":{"line":107,"column":65}},"locations":[{"start":{"line":107,"column":54},"end":{"line":107,"column":65}}]},"23":{"type":"branch","line":110,"loc":{"start":{"line":110,"column":6},"end":{"line":112,"column":19}},"locations":[{"start":{"line":110,"column":6},"end":{"line":112,"column":19}}]},"24":{"type":"branch","line":119,"loc":{"start":{"line":119,"column":35},"end":{"line":129,"column":2}},"locations":[{"start":{"line":119,"column":35},"end":{"line":129,"column":2}}]},"25":{"type":"branch","line":122,"loc":{"start":{"line":122,"column":28},"end":{"line":122,"column":42}},"locations":[{"start":{"line":122,"column":28},"end":{"line":122,"column":42}}]},"26":{"type":"branch","line":123,"loc":{"start":{"line":123,"column":32},"end":{"line":123,"column":46}},"locations":[{"start":{"line":123,"column":32},"end":{"line":123,"column":46}}]},"27":{"type":"branch","line":124,"loc":{"start":{"line":124,"column":35},"end":{"line":124,"column":49}},"locations":[{"start":{"line":124,"column":35},"end":{"line":124,"column":49}}]},"28":{"type":"branch","line":125,"loc":{"start":{"line":125,"column":35},"end":{"line":125,"column":49}},"locations":[{"start":{"line":125,"column":35},"end":{"line":125,"column":49}}]},"29":{"type":"branch","line":126,"loc":{"start":{"line":126,"column":37},"end":{"line":126,"column":51}},"locations":[{"start":{"line":126,"column":37},"end":{"line":126,"column":51}}]}},"b":{"0":[21],"1":[10],"2":[21],"3":[10],"4":[21],"5":[10],"6":[21],"7":[10],"8":[16],"9":[0],"10":[0],"11":[0],"12":[16],"13":[15],"14":[1],"15":[0],"16":[1],"17":[0],"18":[16],"19":[15],"20":[1],"21":[0],"22":[0],"23":[0],"24":[6],"25":[5],"26":[4],"27":[4],"28":[5],"29":[4]},"fnMap":{"0":{"name":"getPasswordStrength","decl":{"start":{"line":119,"column":35},"end":{"line":129,"column":2}},"loc":{"start":{"line":119,"column":35},"end":{"line":129,"column":2}},"line":119}},"f":{"0":6}}
}
